<?xml version="1.0" encoding="UTF-8"?>
<testsuite name="Busqueda de alojamiento desde la app de Booking" tests="1" skipped="0" failures="1" errors="0" timestamp="2023-01-23T08:52:20" hostname="COLOSO" time="21.423">
  <properties/>
  <testcase name="Ralizar Busqueda de alojamiento desde la app de Booking" classname="Busqueda de alojamiento desde la app de Booking" time="21.423">
    <failure message="net.thucydides.core.webdriver.exceptions.ElementShouldBePresentException: Expected condition failed: waiting for By.xpath: /hierarchy/android.widget.FrameLayout/android.widget.LinearLayout/android.widget.FrameLayout/android.widget.LinearLayout/android.widget.FrameLayout/android.widget.LinearLayout/android.widget.LinearLayout[2]/android.widget.FrameLayout[1]/android.widget.LinearLayout/androidx.recyclerview.widget.RecyclerView[2]/android.widget.FrameLayout[1]/android.widget.LinearLayout/android.view.ViewGroup/android.widget.LinearLayout/android.widget.LinearLayout[2]/android.widget.TextView to be present (tried for 5 second(s) with 100 milliseconds interval)&#10;Build info: version: '4.5.3', revision: '4b786a1e430'&#10;System info: os.name: 'Windows 10', os.arch: 'amd64', os.version: '10.0', java.version: '1.8.0_202'&#10;Driver info: driver.version: unknown" type="net.thucydides.core.webdriver.exceptions.ElementShouldBePresentException">net.thucydides.core.webdriver.exceptions.ElementShouldBePresentException: Expected condition failed: waiting for By.xpath: /hierarchy/android.widget.FrameLayout/android.widget.LinearLayout/android.widget.FrameLayout/android.widget.LinearLayout/android.widget.FrameLayout/android.widget.LinearLayout/android.widget.LinearLayout[2]/android.widget.FrameLayout[1]/android.widget.LinearLayout/androidx.recyclerview.widget.RecyclerView[2]/android.widget.FrameLayout[1]/android.widget.LinearLayout/android.view.ViewGroup/android.widget.LinearLayout/android.widget.LinearLayout[2]/android.widget.TextView to be present (tried for 5 second(s) with 100 milliseconds interval)
Build info: version: '4.5.3', revision: '4b786a1e430'
System info: os.name: 'Windows 10', os.arch: 'amd64', os.version: '10.0', java.version: '1.8.0_202'
Driver info: driver.version: unknown
	at net.serenitybdd.core.pages.WebElementFacadeImpl.throwShouldBePresentErrorWithCauseIfPresent(WebElementFacadeImpl.java:1037)
	at net.serenitybdd.core.pages.WebElementFacadeImpl.waitUntilPresent(WebElementFacadeImpl.java:1010)
	at net.serenitybdd.core.pages.WebElementFacadeImpl.waitUntilElementPresent(WebElementFacadeImpl.java:913)
	at net.serenitybdd.core.pages.WebElementFacadeImpl.click(WebElementFacadeImpl.java:1207)
	at net.serenitybdd.screenplay.actions.ClickOnTarget.performAs(ClickOnTarget.java:14)
	at net.serenitybdd.screenplay.actions.ClickOnTarget$ByteBuddy$zefyAzn5.performAs$accessor$er8hVvD5(Unknown Source)
	at sun.reflect.NativeMethodAccessorImpl.invoke0(Native Method)
	at sun.reflect.NativeMethodAccessorImpl.invoke(NativeMethodAccessorImpl.java:62)
	at sun.reflect.DelegatingMethodAccessorImpl.invoke(DelegatingMethodAccessorImpl.java:43)
	at java.lang.reflect.Method.invoke(Method.java:498)
	at net.thucydides.core.steps.StepInterceptor.invokeMethod(StepInterceptor.java:503)
	at net.thucydides.core.steps.StepInterceptor.executeTestStepMethod(StepInterceptor.java:483)
	at net.thucydides.core.steps.StepInterceptor.runTestStep(StepInterceptor.java:457)
	at net.thucydides.core.steps.StepInterceptor.runOrSkipMethod(StepInterceptor.java:209)
	at net.thucydides.core.steps.StepInterceptor.testStepResult(StepInterceptor.java:196)
	at net.thucydides.core.steps.StepInterceptor.intercept(StepInterceptor.java:84)
	at net.thucydides.core.steps.ProxyConfiguration$InterceptorDispatcher.intercept(ProxyConfiguration.java:51)
	at net.serenitybdd.screenplay.actions.ClickOnTarget$ByteBuddy$zefyAzn5.performAs(Unknown Source)
	at net.serenitybdd.screenplay.Actor.performTask(Actor.java:283)
	at net.serenitybdd.screenplay.Actor.perform(Actor.java:262)
	at net.serenitybdd.screenplay.Actor.attemptsTo(Actor.java:203)
	at net.serenitybdd.screenplay.Actor.attemptsTo(Actor.java:210)
	at starter.tasks.InformacionReserva.performAs(InformacionReserva.java:11)
	at starter.tasks.InformacionReserva$ByteBuddy$2oRC0gaS.performAs$accessor$ViZM1WKG(Unknown Source)
	at sun.reflect.NativeMethodAccessorImpl.invoke0(Native Method)
	at sun.reflect.NativeMethodAccessorImpl.invoke(NativeMethodAccessorImpl.java:62)
	at sun.reflect.DelegatingMethodAccessorImpl.invoke(DelegatingMethodAccessorImpl.java:43)
	at java.lang.reflect.Method.invoke(Method.java:498)
	at net.thucydides.core.steps.StepInterceptor.invokeMethod(StepInterceptor.java:503)
	at net.thucydides.core.steps.StepInterceptor.executeTestStepMethod(StepInterceptor.java:483)
	at net.thucydides.core.steps.StepInterceptor.runTestStep(StepInterceptor.java:457)
	at net.thucydides.core.steps.StepInterceptor.runOrSkipMethod(StepInterceptor.java:209)
	at net.thucydides.core.steps.StepInterceptor.testStepResult(StepInterceptor.java:196)
	at net.thucydides.core.steps.StepInterceptor.intercept(StepInterceptor.java:84)
	at net.thucydides.core.steps.ProxyConfiguration$InterceptorDispatcher.intercept(ProxyConfiguration.java:51)
	at starter.tasks.InformacionReserva$ByteBuddy$2oRC0gaS.performAs(Unknown Source)
	at net.serenitybdd.screenplay.Actor.performTask(Actor.java:283)
	at net.serenitybdd.screenplay.Actor.perform(Actor.java:262)
	at net.serenitybdd.screenplay.Actor.attemptsTo(Actor.java:203)
	at net.serenitybdd.screenplay.Actor.attemptsTo(Actor.java:210)
	at starter.stepdefinitions.ReservaBookingStepDefinitions.seCompleteLaInformacionDeCiudadFechasCantidadDePersonas(ReservaBookingStepDefinitions.java:37)
	at ✽.Se complete la informacion de ciudad, fechas, cantidad de personas(file:///C:/Proyectos/BookingApp/src/test/resources/features/login/reservaBooking.feature:7)
Caused by: org.openqa.selenium.TimeoutException: Expected condition failed: waiting for By.xpath: /hierarchy/android.widget.FrameLayout/android.widget.LinearLayout/android.widget.FrameLayout/android.widget.LinearLayout/android.widget.FrameLayout/android.widget.LinearLayout/android.widget.LinearLayout[2]/android.widget.FrameLayout[1]/android.widget.LinearLayout/androidx.recyclerview.widget.RecyclerView[2]/android.widget.FrameLayout[1]/android.widget.LinearLayout/android.view.ViewGroup/android.widget.LinearLayout/android.widget.LinearLayout[2]/android.widget.TextView to be present (tried for 5 second(s) with 100 milliseconds interval)
Build info: version: '4.5.3', revision: '4b786a1e430'
System info: os.name: 'Windows 10', os.arch: 'amd64', os.version: '10.0', java.version: '1.8.0_202'
Driver info: driver.version: unknown
	at org.openqa.selenium.support.ui.FluentWait.timeoutException(FluentWait.java:263)
	at org.openqa.selenium.support.ui.FluentWait.until(FluentWait.java:231)
	at net.serenitybdd.core.pages.WebElementFacadeImpl.waitUntilPresent(WebElementFacadeImpl.java:1007)
	at net.serenitybdd.core.pages.WebElementFacadeImpl.waitUntilElementPresent(WebElementFacadeImpl.java:913)
	at net.serenitybdd.core.pages.WebElementFacadeImpl.click(WebElementFacadeImpl.java:1207)
	at net.serenitybdd.screenplay.actions.ClickOnTarget.performAs(ClickOnTarget.java:14)
	at net.serenitybdd.screenplay.actions.ClickOnTarget$ByteBuddy$zefyAzn5.performAs$accessor$er8hVvD5(Unknown Source)
	at sun.reflect.NativeMethodAccessorImpl.invoke0(Native Method)
	at sun.reflect.NativeMethodAccessorImpl.invoke(NativeMethodAccessorImpl.java:62)
	at sun.reflect.DelegatingMethodAccessorImpl.invoke(DelegatingMethodAccessorImpl.java:43)
	at java.lang.reflect.Method.invoke(Method.java:498)
	at net.thucydides.core.steps.StepInterceptor.invokeMethod(StepInterceptor.java:503)
	at net.thucydides.core.steps.StepInterceptor.executeTestStepMethod(StepInterceptor.java:483)
	at net.thucydides.core.steps.StepInterceptor.runTestStep(StepInterceptor.java:457)
	at net.thucydides.core.steps.StepInterceptor.runOrSkipMethod(StepInterceptor.java:209)
	at net.thucydides.core.steps.StepInterceptor.testStepResult(StepInterceptor.java:196)
	at net.thucydides.core.steps.StepInterceptor.intercept(StepInterceptor.java:84)
	at net.thucydides.core.steps.ProxyConfiguration$InterceptorDispatcher.intercept(ProxyConfiguration.java:51)
	at net.serenitybdd.screenplay.actions.ClickOnTarget$ByteBuddy$zefyAzn5.performAs(Unknown Source)
	at net.serenitybdd.screenplay.Actor.performTask(Actor.java:283)
	at net.serenitybdd.screenplay.Actor.perform(Actor.java:262)
	at net.serenitybdd.screenplay.Actor.attemptsTo(Actor.java:203)
	at net.serenitybdd.screenplay.Actor.attemptsTo(Actor.java:210)
	at starter.tasks.InformacionReserva.performAs(InformacionReserva.java:11)
	at starter.tasks.InformacionReserva$ByteBuddy$2oRC0gaS.performAs$accessor$ViZM1WKG(Unknown Source)
	at sun.reflect.NativeMethodAccessorImpl.invoke0(Native Method)
	at sun.reflect.NativeMethodAccessorImpl.invoke(NativeMethodAccessorImpl.java:62)
	at sun.reflect.DelegatingMethodAccessorImpl.invoke(DelegatingMethodAccessorImpl.java:43)
	at java.lang.reflect.Method.invoke(Method.java:498)
	at net.thucydides.core.steps.StepInterceptor.invokeMethod(StepInterceptor.java:503)
	at net.thucydides.core.steps.StepInterceptor.executeTestStepMethod(StepInterceptor.java:483)
	at net.thucydides.core.steps.StepInterceptor.runTestStep(StepInterceptor.java:457)
	at net.thucydides.core.steps.StepInterceptor.runOrSkipMethod(StepInterceptor.java:209)
	at net.thucydides.core.steps.StepInterceptor.testStepResult(StepInterceptor.java:196)
	at net.thucydides.core.steps.StepInterceptor.intercept(StepInterceptor.java:84)
	at net.thucydides.core.steps.ProxyConfiguration$InterceptorDispatcher.intercept(ProxyConfiguration.java:51)
	at starter.tasks.InformacionReserva$ByteBuddy$2oRC0gaS.performAs(Unknown Source)
	at net.serenitybdd.screenplay.Actor.performTask(Actor.java:283)
	at net.serenitybdd.screenplay.Actor.perform(Actor.java:262)
	at net.serenitybdd.screenplay.Actor.attemptsTo(Actor.java:203)
	at net.serenitybdd.screenplay.Actor.attemptsTo(Actor.java:210)
	at starter.stepdefinitions.ReservaBookingStepDefinitions.seCompleteLaInformacionDeCiudadFechasCantidadDePersonas(ReservaBookingStepDefinitions.java:37)
	at sun.reflect.NativeMethodAccessorImpl.invoke0(Native Method)
	at sun.reflect.NativeMethodAccessorImpl.invoke(NativeMethodAccessorImpl.java:62)
	at sun.reflect.DelegatingMethodAccessorImpl.invoke(DelegatingMethodAccessorImpl.java:43)
	at java.lang.reflect.Method.invoke(Method.java:498)
	at io.cucumber.java.Invoker.doInvoke(Invoker.java:66)
	at io.cucumber.java.Invoker.invoke(Invoker.java:24)
	at io.cucumber.java.AbstractGlueDefinition.invokeMethod(AbstractGlueDefinition.java:47)
	at io.cucumber.java.JavaStepDefinition.execute(JavaStepDefinition.java:29)
	at io.cucumber.core.runner.CoreStepDefinition.execute(CoreStepDefinition.java:66)
	at io.cucumber.core.runner.PickleStepDefinitionMatch.runStep(PickleStepDefinitionMatch.java:63)
	at io.cucumber.core.runner.ExecutionMode$1.execute(ExecutionMode.java:10)
	at io.cucumber.core.runner.TestStep.executeStep(TestStep.java:85)
	at io.cucumber.core.runner.TestStep.run(TestStep.java:57)
	at io.cucumber.core.runner.PickleStepTestStep.run(PickleStepTestStep.java:51)
	at io.cucumber.core.runner.TestCase.run(TestCase.java:84)
	at io.cucumber.core.runner.Runner.runPickle(Runner.java:75)
	at io.cucumber.junit.PickleRunners$NoStepDescriptions.lambda$run$0(PickleRunners.java:151)
	at io.cucumber.core.runtime.CucumberExecutionContext.lambda$runTestCase$5(CucumberExecutionContext.java:129)
	at io.cucumber.core.runtime.RethrowingThrowableCollector.executeAndThrow(RethrowingThrowableCollector.java:23)
	at io.cucumber.core.runtime.CucumberExecutionContext.runTestCase(CucumberExecutionContext.java:129)
	at io.cucumber.junit.PickleRunners$NoStepDescriptions.run(PickleRunners.java:148)
	at io.cucumber.junit.FeatureRunner.runChild(FeatureRunner.java:144)
	at io.cucumber.junit.FeatureRunner.runChild(FeatureRunner.java:28)
	at org.junit.runners.ParentRunner$4.run(ParentRunner.java:331)
	at org.junit.runners.ParentRunner$1.schedule(ParentRunner.java:79)
	at org.junit.runners.ParentRunner.runChildren(ParentRunner.java:329)
	at org.junit.runners.ParentRunner.access$100(ParentRunner.java:66)
	at org.junit.runners.ParentRunner$2.evaluate(ParentRunner.java:293)
	at org.junit.runners.ParentRunner$3.evaluate(ParentRunner.java:306)
	at org.junit.runners.ParentRunner.run(ParentRunner.java:413)
	at io.cucumber.junit.FeatureRunner.run(FeatureRunner.java:137)
	at io.cucumber.junit.CucumberSerenityRunner.runChild(CucumberSerenityRunner.java:259)
	at io.cucumber.junit.CucumberSerenityRunner.runChild(CucumberSerenityRunner.java:59)
	at org.junit.runners.ParentRunner$4.run(ParentRunner.java:331)
	at org.junit.runners.ParentRunner$1.schedule(ParentRunner.java:79)
	at org.junit.runners.ParentRunner.runChildren(ParentRunner.java:329)
	at org.junit.runners.ParentRunner.access$100(ParentRunner.java:66)
	at org.junit.runners.ParentRunner$2.evaluate(ParentRunner.java:293)
	at io.cucumber.junit.CucumberSerenityRunner$RunCucumber.evaluate(CucumberSerenityRunner.java:288)
	at org.junit.runners.ParentRunner$3.evaluate(ParentRunner.java:306)
	at org.junit.runners.ParentRunner.run(ParentRunner.java:413)
	at org.gradle.api.internal.tasks.testing.junit.JUnitTestClassExecutor.runTestClass(JUnitTestClassExecutor.java:110)
	at org.gradle.api.internal.tasks.testing.junit.JUnitTestClassExecutor.execute(JUnitTestClassExecutor.java:58)
	at org.gradle.api.internal.tasks.testing.junit.JUnitTestClassExecutor.execute(JUnitTestClassExecutor.java:38)
	at org.gradle.api.internal.tasks.testing.junit.AbstractJUnitTestClassProcessor.processTestClass(AbstractJUnitTestClassProcessor.java:62)
	at org.gradle.api.internal.tasks.testing.SuiteTestClassProcessor.processTestClass(SuiteTestClassProcessor.java:51)
	at sun.reflect.NativeMethodAccessorImpl.invoke0(Native Method)
	at sun.reflect.NativeMethodAccessorImpl.invoke(NativeMethodAccessorImpl.java:62)
	at sun.reflect.DelegatingMethodAccessorImpl.invoke(DelegatingMethodAccessorImpl.java:43)
	at java.lang.reflect.Method.invoke(Method.java:498)
	at org.gradle.internal.dispatch.ReflectionDispatch.dispatch(ReflectionDispatch.java:36)
	at org.gradle.internal.dispatch.ReflectionDispatch.dispatch(ReflectionDispatch.java:24)
	at org.gradle.internal.dispatch.ContextClassLoaderDispatch.dispatch(ContextClassLoaderDispatch.java:33)
	at org.gradle.internal.dispatch.ProxyDispatchAdapter$DispatchingInvocationHandler.invoke(ProxyDispatchAdapter.java:94)
	at com.sun.proxy.$Proxy2.processTestClass(Unknown Source)
	at org.gradle.api.internal.tasks.testing.worker.TestWorker$2.run(TestWorker.java:176)
	at org.gradle.api.internal.tasks.testing.worker.TestWorker.executeAndMaintainThreadName(TestWorker.java:129)
	at org.gradle.api.internal.tasks.testing.worker.TestWorker.execute(TestWorker.java:100)
	at org.gradle.api.internal.tasks.testing.worker.TestWorker.execute(TestWorker.java:60)
	at org.gradle.process.internal.worker.child.ActionExecutionWorker.execute(ActionExecutionWorker.java:56)
	at org.gradle.process.internal.worker.child.SystemApplicationClassLoaderWorker.call(SystemApplicationClassLoaderWorker.java:133)
	at org.gradle.process.internal.worker.child.SystemApplicationClassLoaderWorker.call(SystemApplicationClassLoaderWorker.java:71)
	at worker.org.gradle.process.internal.worker.GradleWorkerMain.run(GradleWorkerMain.java:69)
	at worker.org.gradle.process.internal.worker.GradleWorkerMain.main(GradleWorkerMain.java:74)
</failure>
  </testcase>
  <system-out><![CDATA[03:52:20.559 [Test worker] INFO io.cucumber.core.plugin.SerenityReporter - Running feature from file:///C:/Proyectos/BookingApp/src/test/resources/features/login/reservaBooking.feature
03:52:20.643 [Test worker] INFO  - 
  _____   ___   ___   _____     ___   _____     _     ___   _____   ___   ___  
 |_   _| | __| / __| |_   _|   / __| |_   _|   /_\   | _ \ |_   _| | __| |   \ 
   | |   | _|  \__ \   | |     \__ \   | |    / _ \  |   /   | |   | _|  | |) |
   |_|   |___| |___/   |_|     |___/   |_|   /_/ \_\ |_|_\   |_|   |___| |___/ 

Ralizar Busqueda de alojamiento desde la app de Booking(busqueda-de-alojamiento-desde-la-app-de-booking;ralizar-busqueda-de-alojamiento-desde-la-app-de-booking)
--------------------------------------------------------------------------------
03:52:20.674 [Test worker] DEBUG net.thucydides.core.requirements.FileSystemRequirementsTagProvider - Loading requirements from directory: C:\Proyectos\BookingApp\src\test\resources\features\login (C:\Proyectos\BookingApp\src\test\resources\features\login)
03:52:20.674 [Test worker] DEBUG net.thucydides.core.requirements.FileSystemRequirementsTagProvider - Get requirements type for: C:\Proyectos\BookingApp\src\test\resources\features\login (C:\Proyectos\BookingApp\src\test\resources\features\login)
03:52:20.858 [Test worker] DEBUG net.thucydides.core.reflection.ClassFinder - Could not load class .starter.CucumberTestSuite
03:52:20.858 [Test worker] DEBUG net.thucydides.core.reflection.ClassFinder - Could not load class .starter.stepdefinitions.ReservaBookingStepDefinitions
03:52:20.860 [Test worker] DEBUG net.thucydides.core.reflection.ClassFinder - Could not load class .starter.tasks.CiudadReserva
03:52:20.860 [Test worker] DEBUG net.thucydides.core.reflection.ClassFinder - Could not load class .starter.tasks.InformacionReserva
03:52:20.860 [Test worker] DEBUG net.thucydides.core.reflection.ClassFinder - Could not load class .starter.ui.ReservaBooking
03:52:20.911 [Test worker] DEBUG io.netty.util.internal.logging.InternalLoggerFactory - Using SLF4J as the default logging framework
03:52:20.914 [Test worker] DEBUG io.netty.util.ResourceLeakDetector - -Dio.netty.leakDetection.level: simple
03:52:20.914 [Test worker] DEBUG io.netty.util.ResourceLeakDetector - -Dio.netty.leakDetection.targetRecords: 4
03:52:20.917 [Test worker] DEBUG io.netty.util.ResourceLeakDetectorFactory - Loaded default ResourceLeakDetector: io.netty.util.ResourceLeakDetector@23ee75c5
03:52:20.931 [Test worker] DEBUG io.netty.util.internal.PlatformDependent0 - -Dio.netty.noUnsafe: false
03:52:20.931 [Test worker] DEBUG io.netty.util.internal.PlatformDependent0 - Java version: 8
03:52:20.932 [Test worker] DEBUG io.netty.util.internal.PlatformDependent0 - sun.misc.Unsafe.theUnsafe: available
03:52:20.933 [Test worker] DEBUG io.netty.util.internal.PlatformDependent0 - sun.misc.Unsafe.copyMemory: available
03:52:20.934 [Test worker] DEBUG io.netty.util.internal.PlatformDependent0 - sun.misc.Unsafe.storeFence: available
03:52:20.935 [Test worker] DEBUG io.netty.util.internal.PlatformDependent0 - java.nio.Buffer.address: available
03:52:20.935 [Test worker] DEBUG io.netty.util.internal.PlatformDependent0 - direct buffer constructor: available
03:52:20.936 [Test worker] DEBUG io.netty.util.internal.PlatformDependent0 - java.nio.Bits.unaligned: available, true
03:52:20.936 [Test worker] DEBUG io.netty.util.internal.PlatformDependent0 - jdk.internal.misc.Unsafe.allocateUninitializedArray(int): unavailable prior to Java9
03:52:20.936 [Test worker] DEBUG io.netty.util.internal.PlatformDependent0 - java.nio.DirectByteBuffer.<init>(long, int): available
03:52:20.936 [Test worker] DEBUG io.netty.util.internal.PlatformDependent - sun.misc.Unsafe: available
03:52:20.936 [Test worker] DEBUG io.netty.util.internal.PlatformDependent - -Dio.netty.tmpdir: C:\Users\CARLOS~1\AppData\Local\Temp (java.io.tmpdir)
03:52:20.937 [Test worker] DEBUG io.netty.util.internal.PlatformDependent - -Dio.netty.bitMode: 64 (sun.arch.data.model)
03:52:20.937 [Test worker] DEBUG io.netty.util.internal.PlatformDependent - Platform: Windows
03:52:20.938 [Test worker] DEBUG io.netty.util.internal.PlatformDependent - -Dio.netty.maxDirectMemory: 477626368 bytes
03:52:20.938 [Test worker] DEBUG io.netty.util.internal.PlatformDependent - -Dio.netty.uninitializedArrayAllocationThreshold: -1
03:52:20.939 [Test worker] DEBUG io.netty.util.internal.CleanerJava6 - java.nio.ByteBuffer.cleaner(): available
03:52:20.939 [Test worker] DEBUG io.netty.util.internal.PlatformDependent - -Dio.netty.noPreferDirect: false
03:52:20.949 [Test worker] DEBUG io.netty.util.internal.PlatformDependent - org.jctools-core.MpscChunkedArrayQueue: available
03:52:20.972 [Test worker] DEBUG io.netty.util.internal.InternalThreadLocalMap - -Dio.netty.threadLocalMap.stringBuilder.initialSize: 1024
03:52:20.972 [Test worker] DEBUG io.netty.util.internal.InternalThreadLocalMap - -Dio.netty.threadLocalMap.stringBuilder.maxSize: 4096
03:52:21.110 [Test worker] DEBUG io.netty.handler.ssl.JdkSslContext - Default protocols (JDK): [TLSv1.2, TLSv1.1, TLSv1] 
03:52:21.111 [Test worker] DEBUG io.netty.handler.ssl.JdkSslContext - Default cipher suites (JDK): [TLS_ECDHE_ECDSA_WITH_AES_256_GCM_SHA384, TLS_ECDHE_ECDSA_WITH_AES_128_GCM_SHA256, TLS_ECDHE_RSA_WITH_AES_128_GCM_SHA256, TLS_ECDHE_RSA_WITH_AES_256_GCM_SHA384, TLS_ECDHE_RSA_WITH_AES_128_CBC_SHA, TLS_ECDHE_RSA_WITH_AES_256_CBC_SHA, TLS_RSA_WITH_AES_128_GCM_SHA256, TLS_RSA_WITH_AES_128_CBC_SHA, TLS_RSA_WITH_AES_256_CBC_SHA]
03:52:21.128 [Test worker] DEBUG io.netty.channel.MultithreadEventLoopGroup - -Dio.netty.eventLoopThreads: 16
03:52:21.135 [Test worker] DEBUG io.netty.channel.nio.NioEventLoop - -Dio.netty.noKeySetOptimization: false
03:52:21.135 [Test worker] DEBUG io.netty.channel.nio.NioEventLoop - -Dio.netty.selectorAutoRebuildThreshold: 512
03:52:21.158 [Test worker] DEBUG io.netty.buffer.PooledByteBufAllocator - -Dio.netty.allocator.numHeapArenas: 16
03:52:21.158 [Test worker] DEBUG io.netty.buffer.PooledByteBufAllocator - -Dio.netty.allocator.numDirectArenas: 16
03:52:21.158 [Test worker] DEBUG io.netty.buffer.PooledByteBufAllocator - -Dio.netty.allocator.pageSize: 8192
03:52:21.158 [Test worker] DEBUG io.netty.buffer.PooledByteBufAllocator - -Dio.netty.allocator.maxOrder: 9
03:52:21.158 [Test worker] DEBUG io.netty.buffer.PooledByteBufAllocator - -Dio.netty.allocator.chunkSize: 4194304
03:52:21.158 [Test worker] DEBUG io.netty.buffer.PooledByteBufAllocator - -Dio.netty.allocator.smallCacheSize: 256
03:52:21.158 [Test worker] DEBUG io.netty.buffer.PooledByteBufAllocator - -Dio.netty.allocator.normalCacheSize: 64
03:52:21.158 [Test worker] DEBUG io.netty.buffer.PooledByteBufAllocator - -Dio.netty.allocator.maxCachedBufferCapacity: 32768
03:52:21.158 [Test worker] DEBUG io.netty.buffer.PooledByteBufAllocator - -Dio.netty.allocator.cacheTrimInterval: 8192
03:52:21.158 [Test worker] DEBUG io.netty.buffer.PooledByteBufAllocator - -Dio.netty.allocator.cacheTrimIntervalMillis: 0
03:52:21.158 [Test worker] DEBUG io.netty.buffer.PooledByteBufAllocator - -Dio.netty.allocator.useCacheForAllThreads: false
03:52:21.158 [Test worker] DEBUG io.netty.buffer.PooledByteBufAllocator - -Dio.netty.allocator.maxCachedByteBuffersPerChunk: 1023
03:52:21.167 [Test worker] DEBUG io.netty.buffer.ByteBufUtil - -Dio.netty.allocator.type: pooled
03:52:21.167 [Test worker] DEBUG io.netty.buffer.ByteBufUtil - -Dio.netty.threadLocalDirectBufferSize: 0
03:52:21.167 [Test worker] DEBUG io.netty.buffer.ByteBufUtil - -Dio.netty.maxThreadLocalCharBufferSize: 16384
03:52:21.305 [Forwarding newSession on session null to remote] DEBUG io.netty.channel.DefaultChannelId - -Dio.netty.processId: 27836 (auto-detected)
03:52:21.306 [Forwarding newSession on session null to remote] DEBUG io.netty.util.NetUtil - -Djava.net.preferIPv4Stack: false
03:52:21.306 [Forwarding newSession on session null to remote] DEBUG io.netty.util.NetUtil - -Djava.net.preferIPv6Addresses: false
03:52:21.338 [Forwarding newSession on session null to remote] DEBUG io.netty.util.NetUtilInitializations - Loopback interface: lo (Software Loopback Interface 1, 127.0.0.1)
03:52:21.339 [Forwarding newSession on session null to remote] DEBUG io.netty.util.NetUtil - Failed to get SOMAXCONN from sysctl and file \proc\sys\net\core\somaxconn. Default: 200
03:52:21.371 [Forwarding newSession on session null to remote] DEBUG io.netty.channel.DefaultChannelId - -Dio.netty.machineId: 04:42:1a:ff:fe:f0:a1:95 (auto-detected)
03:52:21.412 [AsyncHttpClient-1-2] DEBUG io.netty.buffer.AbstractByteBuf - -Dio.netty.buffer.checkAccessible: true
03:52:21.412 [AsyncHttpClient-1-2] DEBUG io.netty.buffer.AbstractByteBuf - -Dio.netty.buffer.checkBounds: true
03:52:21.412 [AsyncHttpClient-1-2] DEBUG io.netty.util.ResourceLeakDetectorFactory - Loaded default ResourceLeakDetector: io.netty.util.ResourceLeakDetector@2355ca4f
03:52:21.420 [AsyncHttpClient-1-2] DEBUG org.asynchttpclient.netty.channel.NettyConnectListener - Using new Channel '[id: 0xba60e6ed, L:/127.0.0.1:50480 - R:localhost/127.0.0.1:4723]' for 'POST' to '/wd/hub/session'
03:52:21.432 [AsyncHttpClient-1-2] DEBUG io.netty.util.Recycler - -Dio.netty.recycler.maxCapacityPerThread: 4096
03:52:21.432 [AsyncHttpClient-1-2] DEBUG io.netty.util.Recycler - -Dio.netty.recycler.ratio: 8
03:52:21.432 [AsyncHttpClient-1-2] DEBUG io.netty.util.Recycler - -Dio.netty.recycler.chunkSize: 32
03:52:21.432 [AsyncHttpClient-1-2] DEBUG io.netty.util.Recycler - -Dio.netty.recycler.blocking: false
03:52:26.777 [AsyncHttpClient-1-2] DEBUG io.netty.handler.codec.compression.Brotli - brotli4j not in the classpath; Brotli support will be unavailable.
03:52:26.777 [AsyncHttpClient-1-2] DEBUG org.asynchttpclient.netty.handler.HttpHandler - 

Request DefaultHttpRequest(decodeResult: success, version: HTTP/1.1)
POST /wd/hub/session HTTP/1.1
X-Idempotency-Key: 62bf31a0-6460-4929-bfd8-d60a9f8f06f1
User-Agent: selenium/4.5.3 (java windows)
Content-Length: 469
Content-Type: application/json; charset=utf-8
host: localhost:4723
accept: */*

Response DefaultHttpResponse(decodeResult: success, version: HTTP/1.1)
HTTP/1.1 200 OK
X-Powered-By: Express
Vary: X-HTTP-Method-Override
Content-Type: application/json; charset=utf-8
ETag: W/"448-J/GW3enIduXBwan6Ksc5cjBXzZg"
Date: Mon, 23 Jan 2023 08:52:26 GMT
Connection: keep-alive
content-length: 1096

03:52:26.787 [AsyncHttpClient-1-2] DEBUG org.asynchttpclient.netty.channel.ChannelManager - Adding key: http://localhost:4723 for channel [id: 0xba60e6ed, L:/127.0.0.1:50480 - R:localhost/127.0.0.1:4723]
03:52:26.906 [Test worker] DEBUG net.thucydides.core.reflection.ClassFinder - Could not load class .starter.CucumberTestSuite
03:52:26.907 [Test worker] DEBUG net.thucydides.core.reflection.ClassFinder - Could not load class .starter.stepdefinitions.ReservaBookingStepDefinitions
03:52:26.908 [Test worker] DEBUG net.thucydides.core.reflection.ClassFinder - Could not load class .starter.tasks.CiudadReserva
03:52:26.908 [Test worker] DEBUG net.thucydides.core.reflection.ClassFinder - Could not load class .starter.tasks.InformacionReserva
03:52:26.908 [Test worker] DEBUG net.thucydides.core.reflection.ClassFinder - Could not load class .starter.ui.ReservaBooking
03:52:27.289 [Test worker] DEBUG net.serenitybdd.core.photography.Darkroom - Opening darkroom
03:52:27.291 [Darkroom Processing Line] DEBUG net.serenitybdd.core.photography.DarkroomProcessingLine - Darkroom processing line starting up
03:52:27.308 [Forwarding getCurrentWindowHandle on session 3d2de715-88af-4933-a8be-47b26b887fbf to remote] DEBUG org.asynchttpclient.netty.request.NettyRequestSender - Using pooled Channel '[id: 0xba60e6ed, L:/127.0.0.1:50480 - R:localhost/127.0.0.1:4723]' for 'GET' to 'http://localhost:4723/wd/hub/session/3d2de715-88af-4933-a8be-47b26b887fbf/window'
03:52:27.308 [Forwarding getCurrentWindowHandle on session 3d2de715-88af-4933-a8be-47b26b887fbf to remote] DEBUG org.asynchttpclient.netty.request.NettyRequestSender - Using open Channel [id: 0xba60e6ed, L:/127.0.0.1:50480 - R:localhost/127.0.0.1:4723] for GET '/wd/hub/session/3d2de715-88af-4933-a8be-47b26b887fbf/window'
03:52:27.329 [AsyncHttpClient-1-2] DEBUG org.asynchttpclient.netty.handler.HttpHandler - 

Request DefaultFullHttpRequest(decodeResult: success, version: HTTP/1.1, content: EmptyByteBufBE)
GET /wd/hub/session/3d2de715-88af-4933-a8be-47b26b887fbf/window HTTP/1.1
User-Agent: selenium/4.5.3 (java windows)
Cache-Control: no-cache
Content-Type: application/json; charset=utf-8
host: localhost:4723
accept: */*

Response DefaultHttpResponse(decodeResult: success, version: HTTP/1.1)
HTTP/1.1 404 Not Found
X-Powered-By: Express
Content-Type: application/json; charset=utf-8
ETag: W/"dc9-1p46SNnIG6GxUYvzfhKldWCLeEA"
Date: Mon, 23 Jan 2023 08:52:27 GMT
Connection: keep-alive
content-length: 3529

03:52:27.330 [AsyncHttpClient-1-2] DEBUG org.asynchttpclient.netty.channel.ChannelManager - Adding key: http://localhost:4723 for channel [id: 0xba60e6ed, L:/127.0.0.1:50480 - R:localhost/127.0.0.1:4723]
03:52:27.338 [Forwarding screenshot on session 3d2de715-88af-4933-a8be-47b26b887fbf to remote] DEBUG org.asynchttpclient.netty.request.NettyRequestSender - Using pooled Channel '[id: 0xba60e6ed, L:/127.0.0.1:50480 - R:localhost/127.0.0.1:4723]' for 'GET' to 'http://localhost:4723/wd/hub/session/3d2de715-88af-4933-a8be-47b26b887fbf/screenshot'
03:52:27.338 [Forwarding screenshot on session 3d2de715-88af-4933-a8be-47b26b887fbf to remote] DEBUG org.asynchttpclient.netty.request.NettyRequestSender - Using open Channel [id: 0xba60e6ed, L:/127.0.0.1:50480 - R:localhost/127.0.0.1:4723] for GET '/wd/hub/session/3d2de715-88af-4933-a8be-47b26b887fbf/screenshot'
03:52:27.622 [AsyncHttpClient-1-2] DEBUG org.asynchttpclient.netty.handler.HttpHandler - 

Request DefaultFullHttpRequest(decodeResult: success, version: HTTP/1.1, content: EmptyByteBufBE)
GET /wd/hub/session/3d2de715-88af-4933-a8be-47b26b887fbf/screenshot HTTP/1.1
User-Agent: selenium/4.5.3 (java windows)
Cache-Control: no-cache
Content-Type: application/json; charset=utf-8
host: localhost:4723
accept: */*

Response DefaultHttpResponse(decodeResult: success, version: HTTP/1.1)
HTTP/1.1 200 OK
X-Powered-By: Express
Content-Type: application/json; charset=utf-8
ETag: W/"27506-EBWzfbVN/frb4FLW3IXoBPNK3lw"
Date: Mon, 23 Jan 2023 08:52:27 GMT
Connection: keep-alive
content-length: 161030

03:52:27.624 [AsyncHttpClient-1-2] DEBUG org.asynchttpclient.netty.channel.ChannelManager - Adding key: http://localhost:4723 for channel [id: 0xba60e6ed, L:/127.0.0.1:50480 - R:localhost/127.0.0.1:4723]
03:52:27.632 [Test worker] WARN net.thucydides.core.webdriver.WebDriverFacade - Failed to take screenshot (Illegal base64 character a)
03:52:27.640 [Forwarding getPageSource on session 3d2de715-88af-4933-a8be-47b26b887fbf to remote] DEBUG org.asynchttpclient.netty.request.NettyRequestSender - Using pooled Channel '[id: 0xba60e6ed, L:/127.0.0.1:50480 - R:localhost/127.0.0.1:4723]' for 'GET' to 'http://localhost:4723/wd/hub/session/3d2de715-88af-4933-a8be-47b26b887fbf/source'
03:52:27.640 [Forwarding getPageSource on session 3d2de715-88af-4933-a8be-47b26b887fbf to remote] DEBUG org.asynchttpclient.netty.request.NettyRequestSender - Using open Channel [id: 0xba60e6ed, L:/127.0.0.1:50480 - R:localhost/127.0.0.1:4723] for GET '/wd/hub/session/3d2de715-88af-4933-a8be-47b26b887fbf/source'
03:52:27.922 [AsyncHttpClient-1-2] DEBUG org.asynchttpclient.netty.handler.HttpHandler - 

Request DefaultFullHttpRequest(decodeResult: success, version: HTTP/1.1, content: EmptyByteBufBE)
GET /wd/hub/session/3d2de715-88af-4933-a8be-47b26b887fbf/source HTTP/1.1
User-Agent: selenium/4.5.3 (java windows)
Cache-Control: no-cache
Content-Type: application/json; charset=utf-8
host: localhost:4723
accept: */*

Response DefaultHttpResponse(decodeResult: success, version: HTTP/1.1)
HTTP/1.1 200 OK
X-Powered-By: Express
Content-Type: application/json; charset=utf-8
ETag: W/"469b-7pXnVj0FM/yH9YryVRcJaVtCwGY"
Date: Mon, 23 Jan 2023 08:52:27 GMT
Connection: keep-alive
content-length: 18075

03:52:27.923 [AsyncHttpClient-1-2] DEBUG org.asynchttpclient.netty.channel.ChannelManager - Adding key: http://localhost:4723 for channel [id: 0xba60e6ed, L:/127.0.0.1:50480 - R:localhost/127.0.0.1:4723]
03:52:27.991 [Test worker] DEBUG net.thucydides.core.steps.StepInterceptor - STARTING STEP: ReservaBookingStepDefinitions.queSeRequiereRealizarLaBusquedaDeAlojamientoDesdeLaAppDeBooking - performAs
03:52:28.077 [Forwarding getCurrentWindowHandle on session 3d2de715-88af-4933-a8be-47b26b887fbf to remote] DEBUG org.asynchttpclient.netty.request.NettyRequestSender - Using pooled Channel '[id: 0xba60e6ed, L:/127.0.0.1:50480 - R:localhost/127.0.0.1:4723]' for 'GET' to 'http://localhost:4723/wd/hub/session/3d2de715-88af-4933-a8be-47b26b887fbf/window'
03:52:28.077 [Forwarding getCurrentWindowHandle on session 3d2de715-88af-4933-a8be-47b26b887fbf to remote] DEBUG org.asynchttpclient.netty.request.NettyRequestSender - Using open Channel [id: 0xba60e6ed, L:/127.0.0.1:50480 - R:localhost/127.0.0.1:4723] for GET '/wd/hub/session/3d2de715-88af-4933-a8be-47b26b887fbf/window'
03:52:28.084 [AsyncHttpClient-1-2] DEBUG org.asynchttpclient.netty.handler.HttpHandler - 

Request DefaultFullHttpRequest(decodeResult: success, version: HTTP/1.1, content: EmptyByteBufBE)
GET /wd/hub/session/3d2de715-88af-4933-a8be-47b26b887fbf/window HTTP/1.1
User-Agent: selenium/4.5.3 (java windows)
Cache-Control: no-cache
Content-Type: application/json; charset=utf-8
host: localhost:4723
accept: */*

Response DefaultHttpResponse(decodeResult: success, version: HTTP/1.1)
HTTP/1.1 404 Not Found
X-Powered-By: Express
Content-Type: application/json; charset=utf-8
ETag: W/"dc9-1p46SNnIG6GxUYvzfhKldWCLeEA"
Date: Mon, 23 Jan 2023 08:52:28 GMT
Connection: keep-alive
content-length: 3529

03:52:28.085 [AsyncHttpClient-1-2] DEBUG org.asynchttpclient.netty.channel.ChannelManager - Adding key: http://localhost:4723 for channel [id: 0xba60e6ed, L:/127.0.0.1:50480 - R:localhost/127.0.0.1:4723]
03:52:28.087 [Forwarding screenshot on session 3d2de715-88af-4933-a8be-47b26b887fbf to remote] DEBUG org.asynchttpclient.netty.request.NettyRequestSender - Using pooled Channel '[id: 0xba60e6ed, L:/127.0.0.1:50480 - R:localhost/127.0.0.1:4723]' for 'GET' to 'http://localhost:4723/wd/hub/session/3d2de715-88af-4933-a8be-47b26b887fbf/screenshot'
03:52:28.087 [Forwarding screenshot on session 3d2de715-88af-4933-a8be-47b26b887fbf to remote] DEBUG org.asynchttpclient.netty.request.NettyRequestSender - Using open Channel [id: 0xba60e6ed, L:/127.0.0.1:50480 - R:localhost/127.0.0.1:4723] for GET '/wd/hub/session/3d2de715-88af-4933-a8be-47b26b887fbf/screenshot'
03:52:28.306 [AsyncHttpClient-1-2] DEBUG org.asynchttpclient.netty.handler.HttpHandler - 

Request DefaultFullHttpRequest(decodeResult: success, version: HTTP/1.1, content: EmptyByteBufBE)
GET /wd/hub/session/3d2de715-88af-4933-a8be-47b26b887fbf/screenshot HTTP/1.1
User-Agent: selenium/4.5.3 (java windows)
Cache-Control: no-cache
Content-Type: application/json; charset=utf-8
host: localhost:4723
accept: */*

Response DefaultHttpResponse(decodeResult: success, version: HTTP/1.1)
HTTP/1.1 200 OK
X-Powered-By: Express
Content-Type: application/json; charset=utf-8
ETag: W/"25484-pPyNxNPiruzl+eiTdcId0fLn8sg"
Date: Mon, 23 Jan 2023 08:52:28 GMT
Connection: keep-alive
content-length: 152708

03:52:28.308 [AsyncHttpClient-1-2] DEBUG org.asynchttpclient.netty.channel.ChannelManager - Adding key: http://localhost:4723 for channel [id: 0xba60e6ed, L:/127.0.0.1:50480 - R:localhost/127.0.0.1:4723]
03:52:28.311 [Test worker] WARN net.thucydides.core.webdriver.WebDriverFacade - Failed to take screenshot (Illegal base64 character a)
03:52:28.318 [Forwarding getPageSource on session 3d2de715-88af-4933-a8be-47b26b887fbf to remote] DEBUG org.asynchttpclient.netty.request.NettyRequestSender - Using pooled Channel '[id: 0xba60e6ed, L:/127.0.0.1:50480 - R:localhost/127.0.0.1:4723]' for 'GET' to 'http://localhost:4723/wd/hub/session/3d2de715-88af-4933-a8be-47b26b887fbf/source'
03:52:28.319 [Forwarding getPageSource on session 3d2de715-88af-4933-a8be-47b26b887fbf to remote] DEBUG org.asynchttpclient.netty.request.NettyRequestSender - Using open Channel [id: 0xba60e6ed, L:/127.0.0.1:50480 - R:localhost/127.0.0.1:4723] for GET '/wd/hub/session/3d2de715-88af-4933-a8be-47b26b887fbf/source'
03:52:28.364 [AsyncHttpClient-1-2] DEBUG org.asynchttpclient.netty.handler.HttpHandler - 

Request DefaultFullHttpRequest(decodeResult: success, version: HTTP/1.1, content: EmptyByteBufBE)
GET /wd/hub/session/3d2de715-88af-4933-a8be-47b26b887fbf/source HTTP/1.1
User-Agent: selenium/4.5.3 (java windows)
Cache-Control: no-cache
Content-Type: application/json; charset=utf-8
host: localhost:4723
accept: */*

Response DefaultHttpResponse(decodeResult: success, version: HTTP/1.1)
HTTP/1.1 200 OK
X-Powered-By: Express
Content-Type: application/json; charset=utf-8
ETag: W/"469b-7pXnVj0FM/yH9YryVRcJaVtCwGY"
Date: Mon, 23 Jan 2023 08:52:28 GMT
Connection: keep-alive
content-length: 18075

03:52:28.365 [AsyncHttpClient-1-2] DEBUG org.asynchttpclient.netty.channel.ChannelManager - Adding key: http://localhost:4723 for channel [id: 0xba60e6ed, L:/127.0.0.1:50480 - R:localhost/127.0.0.1:4723]
03:52:28.370 [Test worker] DEBUG net.thucydides.core.steps.StepInterceptor - STARTING STEP: CiudadReserva.performAs - {0} clicks on #target
03:52:28.372 [Test worker] DEBUG net.serenitybdd.screenplay.targets.IFrameSwitcher - default content already selected for clic cerrar home
03:52:28.451 [Forwarding findElement on session 3d2de715-88af-4933-a8be-47b26b887fbf to remote] DEBUG org.asynchttpclient.netty.request.NettyRequestSender - Using pooled Channel '[id: 0xba60e6ed, L:/127.0.0.1:50480 - R:localhost/127.0.0.1:4723]' for 'POST' to 'http://localhost:4723/wd/hub/session/3d2de715-88af-4933-a8be-47b26b887fbf/element'
03:52:28.451 [Forwarding findElement on session 3d2de715-88af-4933-a8be-47b26b887fbf to remote] DEBUG org.asynchttpclient.netty.request.NettyRequestSender - Using open Channel [id: 0xba60e6ed, L:/127.0.0.1:50480 - R:localhost/127.0.0.1:4723] for POST '/wd/hub/session/3d2de715-88af-4933-a8be-47b26b887fbf/element'
03:52:28.589 [AsyncHttpClient-1-2] DEBUG org.asynchttpclient.netty.handler.HttpHandler - 

Request DefaultHttpRequest(decodeResult: success, version: HTTP/1.1)
POST /wd/hub/session/3d2de715-88af-4933-a8be-47b26b887fbf/element HTTP/1.1
User-Agent: selenium/4.5.3 (java windows)
Content-Length: 106
Content-Type: application/json; charset=utf-8
host: localhost:4723
accept: */*

Response DefaultHttpResponse(decodeResult: success, version: HTTP/1.1)
HTTP/1.1 200 OK
X-Powered-By: Express
Vary: X-HTTP-Method-Override
Content-Type: application/json; charset=utf-8
ETag: W/"89-qElp8LW8J0DCstEe0nbIN/Evkyc"
Date: Mon, 23 Jan 2023 08:52:28 GMT
Connection: keep-alive
content-length: 137

03:52:28.589 [AsyncHttpClient-1-2] DEBUG org.asynchttpclient.netty.channel.ChannelManager - Adding key: http://localhost:4723 for channel [id: 0xba60e6ed, L:/127.0.0.1:50480 - R:localhost/127.0.0.1:4723]
03:52:28.596 [Forwarding isElementDisplayed on session 3d2de715-88af-4933-a8be-47b26b887fbf to remote] DEBUG org.asynchttpclient.netty.request.NettyRequestSender - Using pooled Channel '[id: 0xba60e6ed, L:/127.0.0.1:50480 - R:localhost/127.0.0.1:4723]' for 'GET' to 'http://localhost:4723/wd/hub/session/3d2de715-88af-4933-a8be-47b26b887fbf/element/00000000-0000-005f-ffff-ffff00000032/displayed'
03:52:28.596 [Forwarding isElementDisplayed on session 3d2de715-88af-4933-a8be-47b26b887fbf to remote] DEBUG org.asynchttpclient.netty.request.NettyRequestSender - Using open Channel [id: 0xba60e6ed, L:/127.0.0.1:50480 - R:localhost/127.0.0.1:4723] for GET '/wd/hub/session/3d2de715-88af-4933-a8be-47b26b887fbf/element/00000000-0000-005f-ffff-ffff00000032/displayed'
03:52:28.605 [AsyncHttpClient-1-2] DEBUG org.asynchttpclient.netty.handler.HttpHandler - 

Request DefaultFullHttpRequest(decodeResult: success, version: HTTP/1.1, content: EmptyByteBufBE)
GET /wd/hub/session/3d2de715-88af-4933-a8be-47b26b887fbf/element/00000000-0000-005f-ffff-ffff00000032/displayed HTTP/1.1
User-Agent: selenium/4.5.3 (java windows)
Cache-Control: no-cache
Content-Type: application/json; charset=utf-8
host: localhost:4723
accept: */*

Response DefaultHttpResponse(decodeResult: success, version: HTTP/1.1)
HTTP/1.1 200 OK
X-Powered-By: Express
Content-Type: application/json; charset=utf-8
ETag: W/"e-2ZHvAWebNQpyjGZTg6uyV8/spTo"
Date: Mon, 23 Jan 2023 08:52:28 GMT
Connection: keep-alive
content-length: 14

03:52:28.605 [AsyncHttpClient-1-2] DEBUG org.asynchttpclient.netty.channel.ChannelManager - Adding key: http://localhost:4723 for channel [id: 0xba60e6ed, L:/127.0.0.1:50480 - R:localhost/127.0.0.1:4723]
03:52:28.620 [Forwarding findElement on session 3d2de715-88af-4933-a8be-47b26b887fbf to remote] DEBUG org.asynchttpclient.netty.request.NettyRequestSender - Using pooled Channel '[id: 0xba60e6ed, L:/127.0.0.1:50480 - R:localhost/127.0.0.1:4723]' for 'POST' to 'http://localhost:4723/wd/hub/session/3d2de715-88af-4933-a8be-47b26b887fbf/element'
03:52:28.620 [Forwarding findElement on session 3d2de715-88af-4933-a8be-47b26b887fbf to remote] DEBUG org.asynchttpclient.netty.request.NettyRequestSender - Using open Channel [id: 0xba60e6ed, L:/127.0.0.1:50480 - R:localhost/127.0.0.1:4723] for POST '/wd/hub/session/3d2de715-88af-4933-a8be-47b26b887fbf/element'
03:52:28.648 [AsyncHttpClient-1-2] DEBUG org.asynchttpclient.netty.handler.HttpHandler - 

Request DefaultHttpRequest(decodeResult: success, version: HTTP/1.1)
POST /wd/hub/session/3d2de715-88af-4933-a8be-47b26b887fbf/element HTTP/1.1
User-Agent: selenium/4.5.3 (java windows)
Content-Length: 106
Content-Type: application/json; charset=utf-8
host: localhost:4723
accept: */*

Response DefaultHttpResponse(decodeResult: success, version: HTTP/1.1)
HTTP/1.1 200 OK
X-Powered-By: Express
Vary: X-HTTP-Method-Override
Content-Type: application/json; charset=utf-8
ETag: W/"89-qElp8LW8J0DCstEe0nbIN/Evkyc"
Date: Mon, 23 Jan 2023 08:52:28 GMT
Connection: keep-alive
content-length: 137

03:52:28.648 [AsyncHttpClient-1-2] DEBUG org.asynchttpclient.netty.channel.ChannelManager - Adding key: http://localhost:4723 for channel [id: 0xba60e6ed, L:/127.0.0.1:50480 - R:localhost/127.0.0.1:4723]
03:52:28.649 [Forwarding clickElement on session 3d2de715-88af-4933-a8be-47b26b887fbf to remote] DEBUG org.asynchttpclient.netty.request.NettyRequestSender - Using pooled Channel '[id: 0xba60e6ed, L:/127.0.0.1:50480 - R:localhost/127.0.0.1:4723]' for 'POST' to 'http://localhost:4723/wd/hub/session/3d2de715-88af-4933-a8be-47b26b887fbf/element/00000000-0000-005f-ffff-ffff00000032/click'
03:52:28.649 [Forwarding clickElement on session 3d2de715-88af-4933-a8be-47b26b887fbf to remote] DEBUG org.asynchttpclient.netty.request.NettyRequestSender - Using open Channel [id: 0xba60e6ed, L:/127.0.0.1:50480 - R:localhost/127.0.0.1:4723] for POST '/wd/hub/session/3d2de715-88af-4933-a8be-47b26b887fbf/element/00000000-0000-005f-ffff-ffff00000032/click'
03:52:28.707 [AsyncHttpClient-1-2] DEBUG org.asynchttpclient.netty.handler.HttpHandler - 

Request DefaultHttpRequest(decodeResult: success, version: HTTP/1.1)
POST /wd/hub/session/3d2de715-88af-4933-a8be-47b26b887fbf/element/00000000-0000-005f-ffff-ffff00000032/click HTTP/1.1
User-Agent: selenium/4.5.3 (java windows)
Content-Length: 50
Content-Type: application/json; charset=utf-8
host: localhost:4723
accept: */*

Response DefaultHttpResponse(decodeResult: success, version: HTTP/1.1)
HTTP/1.1 200 OK
X-Powered-By: Express
Vary: X-HTTP-Method-Override
Content-Type: application/json; charset=utf-8
ETag: W/"e-9/1BuKMgFObM1mWJm+YjxtXJnUM"
Date: Mon, 23 Jan 2023 08:52:28 GMT
Connection: keep-alive
content-length: 14

03:52:28.708 [AsyncHttpClient-1-2] DEBUG org.asynchttpclient.netty.channel.ChannelManager - Adding key: http://localhost:4723 for channel [id: 0xba60e6ed, L:/127.0.0.1:50480 - R:localhost/127.0.0.1:4723]
03:52:28.737 [Forwarding getCurrentWindowHandle on session 3d2de715-88af-4933-a8be-47b26b887fbf to remote] DEBUG org.asynchttpclient.netty.request.NettyRequestSender - Using pooled Channel '[id: 0xba60e6ed, L:/127.0.0.1:50480 - R:localhost/127.0.0.1:4723]' for 'GET' to 'http://localhost:4723/wd/hub/session/3d2de715-88af-4933-a8be-47b26b887fbf/window'
03:52:28.737 [Forwarding getCurrentWindowHandle on session 3d2de715-88af-4933-a8be-47b26b887fbf to remote] DEBUG org.asynchttpclient.netty.request.NettyRequestSender - Using open Channel [id: 0xba60e6ed, L:/127.0.0.1:50480 - R:localhost/127.0.0.1:4723] for GET '/wd/hub/session/3d2de715-88af-4933-a8be-47b26b887fbf/window'
03:52:28.754 [AsyncHttpClient-1-2] DEBUG org.asynchttpclient.netty.handler.HttpHandler - 

Request DefaultFullHttpRequest(decodeResult: success, version: HTTP/1.1, content: EmptyByteBufBE)
GET /wd/hub/session/3d2de715-88af-4933-a8be-47b26b887fbf/window HTTP/1.1
User-Agent: selenium/4.5.3 (java windows)
Cache-Control: no-cache
Content-Type: application/json; charset=utf-8
host: localhost:4723
accept: */*

Response DefaultHttpResponse(decodeResult: success, version: HTTP/1.1)
HTTP/1.1 404 Not Found
X-Powered-By: Express
Content-Type: application/json; charset=utf-8
ETag: W/"dc9-1p46SNnIG6GxUYvzfhKldWCLeEA"
Date: Mon, 23 Jan 2023 08:52:28 GMT
Connection: keep-alive
content-length: 3529

03:52:28.754 [AsyncHttpClient-1-2] DEBUG org.asynchttpclient.netty.channel.ChannelManager - Adding key: http://localhost:4723 for channel [id: 0xba60e6ed, L:/127.0.0.1:50480 - R:localhost/127.0.0.1:4723]
03:52:28.756 [Forwarding screenshot on session 3d2de715-88af-4933-a8be-47b26b887fbf to remote] DEBUG org.asynchttpclient.netty.request.NettyRequestSender - Using pooled Channel '[id: 0xba60e6ed, L:/127.0.0.1:50480 - R:localhost/127.0.0.1:4723]' for 'GET' to 'http://localhost:4723/wd/hub/session/3d2de715-88af-4933-a8be-47b26b887fbf/screenshot'
03:52:28.756 [Forwarding screenshot on session 3d2de715-88af-4933-a8be-47b26b887fbf to remote] DEBUG org.asynchttpclient.netty.request.NettyRequestSender - Using open Channel [id: 0xba60e6ed, L:/127.0.0.1:50480 - R:localhost/127.0.0.1:4723] for GET '/wd/hub/session/3d2de715-88af-4933-a8be-47b26b887fbf/screenshot'
03:52:29.041 [AsyncHttpClient-1-2] DEBUG org.asynchttpclient.netty.handler.HttpHandler - 

Request DefaultFullHttpRequest(decodeResult: success, version: HTTP/1.1, content: EmptyByteBufBE)
GET /wd/hub/session/3d2de715-88af-4933-a8be-47b26b887fbf/screenshot HTTP/1.1
User-Agent: selenium/4.5.3 (java windows)
Cache-Control: no-cache
Content-Type: application/json; charset=utf-8
host: localhost:4723
accept: */*

Response DefaultHttpResponse(decodeResult: success, version: HTTP/1.1)
HTTP/1.1 200 OK
X-Powered-By: Express
Content-Type: application/json; charset=utf-8
ETag: W/"25d7c-wenCmO2CKK6ADZsheiMnE7cch/Q"
Date: Mon, 23 Jan 2023 08:52:29 GMT
Connection: keep-alive
content-length: 155004

03:52:29.042 [AsyncHttpClient-1-2] DEBUG org.asynchttpclient.netty.channel.ChannelManager - Adding key: http://localhost:4723 for channel [id: 0xba60e6ed, L:/127.0.0.1:50480 - R:localhost/127.0.0.1:4723]
03:52:29.045 [Test worker] WARN net.thucydides.core.webdriver.WebDriverFacade - Failed to take screenshot (Illegal base64 character a)
03:52:29.048 [Test worker] DEBUG net.thucydides.core.steps.StepInterceptor - STEP DONE: {0} clicks on #target
03:52:29.075 [Forwarding getCurrentWindowHandle on session 3d2de715-88af-4933-a8be-47b26b887fbf to remote] DEBUG org.asynchttpclient.netty.request.NettyRequestSender - Using pooled Channel '[id: 0xba60e6ed, L:/127.0.0.1:50480 - R:localhost/127.0.0.1:4723]' for 'GET' to 'http://localhost:4723/wd/hub/session/3d2de715-88af-4933-a8be-47b26b887fbf/window'
03:52:29.075 [Forwarding getCurrentWindowHandle on session 3d2de715-88af-4933-a8be-47b26b887fbf to remote] DEBUG org.asynchttpclient.netty.request.NettyRequestSender - Using open Channel [id: 0xba60e6ed, L:/127.0.0.1:50480 - R:localhost/127.0.0.1:4723] for GET '/wd/hub/session/3d2de715-88af-4933-a8be-47b26b887fbf/window'
03:52:29.084 [AsyncHttpClient-1-2] DEBUG org.asynchttpclient.netty.handler.HttpHandler - 

Request DefaultFullHttpRequest(decodeResult: success, version: HTTP/1.1, content: EmptyByteBufBE)
GET /wd/hub/session/3d2de715-88af-4933-a8be-47b26b887fbf/window HTTP/1.1
User-Agent: selenium/4.5.3 (java windows)
Cache-Control: no-cache
Content-Type: application/json; charset=utf-8
host: localhost:4723
accept: */*

Response DefaultHttpResponse(decodeResult: success, version: HTTP/1.1)
HTTP/1.1 404 Not Found
X-Powered-By: Express
Content-Type: application/json; charset=utf-8
ETag: W/"dc9-1p46SNnIG6GxUYvzfhKldWCLeEA"
Date: Mon, 23 Jan 2023 08:52:29 GMT
Connection: keep-alive
content-length: 3529

03:52:29.084 [AsyncHttpClient-1-2] DEBUG org.asynchttpclient.netty.channel.ChannelManager - Adding key: http://localhost:4723 for channel [id: 0xba60e6ed, L:/127.0.0.1:50480 - R:localhost/127.0.0.1:4723]
03:52:29.089 [Forwarding screenshot on session 3d2de715-88af-4933-a8be-47b26b887fbf to remote] DEBUG org.asynchttpclient.netty.request.NettyRequestSender - Using pooled Channel '[id: 0xba60e6ed, L:/127.0.0.1:50480 - R:localhost/127.0.0.1:4723]' for 'GET' to 'http://localhost:4723/wd/hub/session/3d2de715-88af-4933-a8be-47b26b887fbf/screenshot'
03:52:29.090 [Forwarding screenshot on session 3d2de715-88af-4933-a8be-47b26b887fbf to remote] DEBUG org.asynchttpclient.netty.request.NettyRequestSender - Using open Channel [id: 0xba60e6ed, L:/127.0.0.1:50480 - R:localhost/127.0.0.1:4723] for GET '/wd/hub/session/3d2de715-88af-4933-a8be-47b26b887fbf/screenshot'
03:52:29.313 [AsyncHttpClient-1-2] DEBUG org.asynchttpclient.netty.handler.HttpHandler - 

Request DefaultFullHttpRequest(decodeResult: success, version: HTTP/1.1, content: EmptyByteBufBE)
GET /wd/hub/session/3d2de715-88af-4933-a8be-47b26b887fbf/screenshot HTTP/1.1
User-Agent: selenium/4.5.3 (java windows)
Cache-Control: no-cache
Content-Type: application/json; charset=utf-8
host: localhost:4723
accept: */*

Response DefaultHttpResponse(decodeResult: success, version: HTTP/1.1)
HTTP/1.1 200 OK
X-Powered-By: Express
Content-Type: application/json; charset=utf-8
ETag: W/"23b90-OzXhL4np9+1JHFnlK2p8TutqbjY"
Date: Mon, 23 Jan 2023 08:52:29 GMT
Connection: keep-alive
content-length: 146320

03:52:29.314 [AsyncHttpClient-1-2] DEBUG org.asynchttpclient.netty.channel.ChannelManager - Adding key: http://localhost:4723 for channel [id: 0xba60e6ed, L:/127.0.0.1:50480 - R:localhost/127.0.0.1:4723]
03:52:29.317 [Test worker] WARN net.thucydides.core.webdriver.WebDriverFacade - Failed to take screenshot (Illegal base64 character a)
03:52:29.324 [Forwarding getPageSource on session 3d2de715-88af-4933-a8be-47b26b887fbf to remote] DEBUG org.asynchttpclient.netty.request.NettyRequestSender - Using pooled Channel '[id: 0xba60e6ed, L:/127.0.0.1:50480 - R:localhost/127.0.0.1:4723]' for 'GET' to 'http://localhost:4723/wd/hub/session/3d2de715-88af-4933-a8be-47b26b887fbf/source'
03:52:29.324 [Forwarding getPageSource on session 3d2de715-88af-4933-a8be-47b26b887fbf to remote] DEBUG org.asynchttpclient.netty.request.NettyRequestSender - Using open Channel [id: 0xba60e6ed, L:/127.0.0.1:50480 - R:localhost/127.0.0.1:4723] for GET '/wd/hub/session/3d2de715-88af-4933-a8be-47b26b887fbf/source'
03:52:30.879 [AsyncHttpClient-1-2] DEBUG org.asynchttpclient.netty.handler.HttpHandler - 

Request DefaultFullHttpRequest(decodeResult: success, version: HTTP/1.1, content: EmptyByteBufBE)
GET /wd/hub/session/3d2de715-88af-4933-a8be-47b26b887fbf/source HTTP/1.1
User-Agent: selenium/4.5.3 (java windows)
Cache-Control: no-cache
Content-Type: application/json; charset=utf-8
host: localhost:4723
accept: */*

Response DefaultHttpResponse(decodeResult: success, version: HTTP/1.1)
HTTP/1.1 200 OK
X-Powered-By: Express
Content-Type: application/json; charset=utf-8
ETag: W/"89db-lskwtIYLw7xi0KtVMAK8NkXeCmc"
Date: Mon, 23 Jan 2023 08:52:30 GMT
Connection: keep-alive
content-length: 35291

03:52:30.879 [AsyncHttpClient-1-2] DEBUG org.asynchttpclient.netty.channel.ChannelManager - Adding key: http://localhost:4723 for channel [id: 0xba60e6ed, L:/127.0.0.1:50480 - R:localhost/127.0.0.1:4723]
03:52:30.889 [Test worker] DEBUG net.thucydides.core.steps.StepInterceptor - STARTING STEP: CiudadReserva.performAs - {0} clicks on #target
03:52:30.889 [Test worker] DEBUG net.serenitybdd.screenplay.targets.IFrameSwitcher - default content already selected for clic Destino
03:52:30.931 [Forwarding findElement on session 3d2de715-88af-4933-a8be-47b26b887fbf to remote] DEBUG org.asynchttpclient.netty.request.NettyRequestSender - Using pooled Channel '[id: 0xba60e6ed, L:/127.0.0.1:50480 - R:localhost/127.0.0.1:4723]' for 'POST' to 'http://localhost:4723/wd/hub/session/3d2de715-88af-4933-a8be-47b26b887fbf/element'
03:52:30.931 [Forwarding findElement on session 3d2de715-88af-4933-a8be-47b26b887fbf to remote] DEBUG org.asynchttpclient.netty.request.NettyRequestSender - Using open Channel [id: 0xba60e6ed, L:/127.0.0.1:50480 - R:localhost/127.0.0.1:4723] for POST '/wd/hub/session/3d2de715-88af-4933-a8be-47b26b887fbf/element'
03:52:30.968 [AsyncHttpClient-1-2] DEBUG org.asynchttpclient.netty.handler.HttpHandler - 

Request DefaultHttpRequest(decodeResult: success, version: HTTP/1.1)
POST /wd/hub/session/3d2de715-88af-4933-a8be-47b26b887fbf/element HTTP/1.1
User-Agent: selenium/4.5.3 (java windows)
Content-Length: 595
Content-Type: application/json; charset=utf-8
host: localhost:4723
accept: */*

Response DefaultHttpResponse(decodeResult: success, version: HTTP/1.1)
HTTP/1.1 200 OK
X-Powered-By: Express
Vary: X-HTTP-Method-Override
Content-Type: application/json; charset=utf-8
ETag: W/"89-Ljf4iL/wKfiXU07R7k/7SpFk8H8"
Date: Mon, 23 Jan 2023 08:52:30 GMT
Connection: keep-alive
content-length: 137

03:52:30.968 [AsyncHttpClient-1-2] DEBUG org.asynchttpclient.netty.channel.ChannelManager - Adding key: http://localhost:4723 for channel [id: 0xba60e6ed, L:/127.0.0.1:50480 - R:localhost/127.0.0.1:4723]
03:52:30.974 [Forwarding isElementDisplayed on session 3d2de715-88af-4933-a8be-47b26b887fbf to remote] DEBUG org.asynchttpclient.netty.request.NettyRequestSender - Using pooled Channel '[id: 0xba60e6ed, L:/127.0.0.1:50480 - R:localhost/127.0.0.1:4723]' for 'GET' to 'http://localhost:4723/wd/hub/session/3d2de715-88af-4933-a8be-47b26b887fbf/element/00000000-0000-0060-ffff-ffff000000a9/displayed'
03:52:30.975 [Forwarding isElementDisplayed on session 3d2de715-88af-4933-a8be-47b26b887fbf to remote] DEBUG org.asynchttpclient.netty.request.NettyRequestSender - Using open Channel [id: 0xba60e6ed, L:/127.0.0.1:50480 - R:localhost/127.0.0.1:4723] for GET '/wd/hub/session/3d2de715-88af-4933-a8be-47b26b887fbf/element/00000000-0000-0060-ffff-ffff000000a9/displayed'
03:52:30.982 [AsyncHttpClient-1-2] DEBUG org.asynchttpclient.netty.handler.HttpHandler - 

Request DefaultFullHttpRequest(decodeResult: success, version: HTTP/1.1, content: EmptyByteBufBE)
GET /wd/hub/session/3d2de715-88af-4933-a8be-47b26b887fbf/element/00000000-0000-0060-ffff-ffff000000a9/displayed HTTP/1.1
User-Agent: selenium/4.5.3 (java windows)
Cache-Control: no-cache
Content-Type: application/json; charset=utf-8
host: localhost:4723
accept: */*

Response DefaultHttpResponse(decodeResult: success, version: HTTP/1.1)
HTTP/1.1 200 OK
X-Powered-By: Express
Content-Type: application/json; charset=utf-8
ETag: W/"e-2ZHvAWebNQpyjGZTg6uyV8/spTo"
Date: Mon, 23 Jan 2023 08:52:30 GMT
Connection: keep-alive
content-length: 14

03:52:30.982 [AsyncHttpClient-1-2] DEBUG org.asynchttpclient.netty.channel.ChannelManager - Adding key: http://localhost:4723 for channel [id: 0xba60e6ed, L:/127.0.0.1:50480 - R:localhost/127.0.0.1:4723]
03:52:30.994 [Forwarding findElement on session 3d2de715-88af-4933-a8be-47b26b887fbf to remote] DEBUG org.asynchttpclient.netty.request.NettyRequestSender - Using pooled Channel '[id: 0xba60e6ed, L:/127.0.0.1:50480 - R:localhost/127.0.0.1:4723]' for 'POST' to 'http://localhost:4723/wd/hub/session/3d2de715-88af-4933-a8be-47b26b887fbf/element'
03:52:30.994 [Forwarding findElement on session 3d2de715-88af-4933-a8be-47b26b887fbf to remote] DEBUG org.asynchttpclient.netty.request.NettyRequestSender - Using open Channel [id: 0xba60e6ed, L:/127.0.0.1:50480 - R:localhost/127.0.0.1:4723] for POST '/wd/hub/session/3d2de715-88af-4933-a8be-47b26b887fbf/element'
03:52:31.037 [AsyncHttpClient-1-2] DEBUG org.asynchttpclient.netty.handler.HttpHandler - 

Request DefaultHttpRequest(decodeResult: success, version: HTTP/1.1)
POST /wd/hub/session/3d2de715-88af-4933-a8be-47b26b887fbf/element HTTP/1.1
User-Agent: selenium/4.5.3 (java windows)
Content-Length: 595
Content-Type: application/json; charset=utf-8
host: localhost:4723
accept: */*

Response DefaultHttpResponse(decodeResult: success, version: HTTP/1.1)
HTTP/1.1 200 OK
X-Powered-By: Express
Vary: X-HTTP-Method-Override
Content-Type: application/json; charset=utf-8
ETag: W/"89-Ljf4iL/wKfiXU07R7k/7SpFk8H8"
Date: Mon, 23 Jan 2023 08:52:31 GMT
Connection: keep-alive
content-length: 137

03:52:31.038 [AsyncHttpClient-1-2] DEBUG org.asynchttpclient.netty.channel.ChannelManager - Adding key: http://localhost:4723 for channel [id: 0xba60e6ed, L:/127.0.0.1:50480 - R:localhost/127.0.0.1:4723]
03:52:31.039 [Forwarding clickElement on session 3d2de715-88af-4933-a8be-47b26b887fbf to remote] DEBUG org.asynchttpclient.netty.request.NettyRequestSender - Using pooled Channel '[id: 0xba60e6ed, L:/127.0.0.1:50480 - R:localhost/127.0.0.1:4723]' for 'POST' to 'http://localhost:4723/wd/hub/session/3d2de715-88af-4933-a8be-47b26b887fbf/element/00000000-0000-0060-ffff-ffff000000a9/click'
03:52:31.039 [Forwarding clickElement on session 3d2de715-88af-4933-a8be-47b26b887fbf to remote] DEBUG org.asynchttpclient.netty.request.NettyRequestSender - Using open Channel [id: 0xba60e6ed, L:/127.0.0.1:50480 - R:localhost/127.0.0.1:4723] for POST '/wd/hub/session/3d2de715-88af-4933-a8be-47b26b887fbf/element/00000000-0000-0060-ffff-ffff000000a9/click'
03:52:32.196 [AsyncHttpClient-1-2] DEBUG org.asynchttpclient.netty.handler.HttpHandler - 

Request DefaultHttpRequest(decodeResult: success, version: HTTP/1.1)
POST /wd/hub/session/3d2de715-88af-4933-a8be-47b26b887fbf/element/00000000-0000-0060-ffff-ffff000000a9/click HTTP/1.1
User-Agent: selenium/4.5.3 (java windows)
Content-Length: 50
Content-Type: application/json; charset=utf-8
host: localhost:4723
accept: */*

Response DefaultHttpResponse(decodeResult: success, version: HTTP/1.1)
HTTP/1.1 200 OK
X-Powered-By: Express
Vary: X-HTTP-Method-Override
Content-Type: application/json; charset=utf-8
ETag: W/"e-9/1BuKMgFObM1mWJm+YjxtXJnUM"
Date: Mon, 23 Jan 2023 08:52:32 GMT
Connection: keep-alive
content-length: 14

03:52:32.196 [AsyncHttpClient-1-2] DEBUG org.asynchttpclient.netty.channel.ChannelManager - Adding key: http://localhost:4723 for channel [id: 0xba60e6ed, L:/127.0.0.1:50480 - R:localhost/127.0.0.1:4723]
03:52:32.219 [Forwarding getCurrentWindowHandle on session 3d2de715-88af-4933-a8be-47b26b887fbf to remote] DEBUG org.asynchttpclient.netty.request.NettyRequestSender - Using pooled Channel '[id: 0xba60e6ed, L:/127.0.0.1:50480 - R:localhost/127.0.0.1:4723]' for 'GET' to 'http://localhost:4723/wd/hub/session/3d2de715-88af-4933-a8be-47b26b887fbf/window'
03:52:32.220 [Forwarding getCurrentWindowHandle on session 3d2de715-88af-4933-a8be-47b26b887fbf to remote] DEBUG org.asynchttpclient.netty.request.NettyRequestSender - Using open Channel [id: 0xba60e6ed, L:/127.0.0.1:50480 - R:localhost/127.0.0.1:4723] for GET '/wd/hub/session/3d2de715-88af-4933-a8be-47b26b887fbf/window'
03:52:32.227 [AsyncHttpClient-1-2] DEBUG org.asynchttpclient.netty.handler.HttpHandler - 

Request DefaultFullHttpRequest(decodeResult: success, version: HTTP/1.1, content: EmptyByteBufBE)
GET /wd/hub/session/3d2de715-88af-4933-a8be-47b26b887fbf/window HTTP/1.1
User-Agent: selenium/4.5.3 (java windows)
Cache-Control: no-cache
Content-Type: application/json; charset=utf-8
host: localhost:4723
accept: */*

Response DefaultHttpResponse(decodeResult: success, version: HTTP/1.1)
HTTP/1.1 404 Not Found
X-Powered-By: Express
Content-Type: application/json; charset=utf-8
ETag: W/"dc9-1p46SNnIG6GxUYvzfhKldWCLeEA"
Date: Mon, 23 Jan 2023 08:52:32 GMT
Connection: keep-alive
content-length: 3529

03:52:32.227 [AsyncHttpClient-1-2] DEBUG org.asynchttpclient.netty.channel.ChannelManager - Adding key: http://localhost:4723 for channel [id: 0xba60e6ed, L:/127.0.0.1:50480 - R:localhost/127.0.0.1:4723]
03:52:32.229 [Forwarding screenshot on session 3d2de715-88af-4933-a8be-47b26b887fbf to remote] DEBUG org.asynchttpclient.netty.request.NettyRequestSender - Using pooled Channel '[id: 0xba60e6ed, L:/127.0.0.1:50480 - R:localhost/127.0.0.1:4723]' for 'GET' to 'http://localhost:4723/wd/hub/session/3d2de715-88af-4933-a8be-47b26b887fbf/screenshot'
03:52:32.230 [Forwarding screenshot on session 3d2de715-88af-4933-a8be-47b26b887fbf to remote] DEBUG org.asynchttpclient.netty.request.NettyRequestSender - Using open Channel [id: 0xba60e6ed, L:/127.0.0.1:50480 - R:localhost/127.0.0.1:4723] for GET '/wd/hub/session/3d2de715-88af-4933-a8be-47b26b887fbf/screenshot'
03:52:32.376 [AsyncHttpClient-1-2] DEBUG org.asynchttpclient.netty.handler.HttpHandler - 

Request DefaultFullHttpRequest(decodeResult: success, version: HTTP/1.1, content: EmptyByteBufBE)
GET /wd/hub/session/3d2de715-88af-4933-a8be-47b26b887fbf/screenshot HTTP/1.1
User-Agent: selenium/4.5.3 (java windows)
Cache-Control: no-cache
Content-Type: application/json; charset=utf-8
host: localhost:4723
accept: */*

Response DefaultHttpResponse(decodeResult: success, version: HTTP/1.1)
HTTP/1.1 200 OK
X-Powered-By: Express
Content-Type: application/json; charset=utf-8
ETag: W/"20a30-1OCIsNejHC7EmbQZBdH44rN6DHA"
Date: Mon, 23 Jan 2023 08:52:32 GMT
Connection: keep-alive
content-length: 133680

03:52:32.377 [AsyncHttpClient-1-2] DEBUG org.asynchttpclient.netty.channel.ChannelManager - Adding key: http://localhost:4723 for channel [id: 0xba60e6ed, L:/127.0.0.1:50480 - R:localhost/127.0.0.1:4723]
03:52:32.380 [Test worker] WARN net.thucydides.core.webdriver.WebDriverFacade - Failed to take screenshot (Illegal base64 character a)
03:52:32.380 [Test worker] DEBUG net.thucydides.core.steps.StepInterceptor - STEP DONE: {0} clicks on #target
03:52:32.398 [Forwarding getCurrentWindowHandle on session 3d2de715-88af-4933-a8be-47b26b887fbf to remote] DEBUG org.asynchttpclient.netty.request.NettyRequestSender - Using pooled Channel '[id: 0xba60e6ed, L:/127.0.0.1:50480 - R:localhost/127.0.0.1:4723]' for 'GET' to 'http://localhost:4723/wd/hub/session/3d2de715-88af-4933-a8be-47b26b887fbf/window'
03:52:32.398 [Forwarding getCurrentWindowHandle on session 3d2de715-88af-4933-a8be-47b26b887fbf to remote] DEBUG org.asynchttpclient.netty.request.NettyRequestSender - Using open Channel [id: 0xba60e6ed, L:/127.0.0.1:50480 - R:localhost/127.0.0.1:4723] for GET '/wd/hub/session/3d2de715-88af-4933-a8be-47b26b887fbf/window'
03:52:32.405 [AsyncHttpClient-1-2] DEBUG org.asynchttpclient.netty.handler.HttpHandler - 

Request DefaultFullHttpRequest(decodeResult: success, version: HTTP/1.1, content: EmptyByteBufBE)
GET /wd/hub/session/3d2de715-88af-4933-a8be-47b26b887fbf/window HTTP/1.1
User-Agent: selenium/4.5.3 (java windows)
Cache-Control: no-cache
Content-Type: application/json; charset=utf-8
host: localhost:4723
accept: */*

Response DefaultHttpResponse(decodeResult: success, version: HTTP/1.1)
HTTP/1.1 404 Not Found
X-Powered-By: Express
Content-Type: application/json; charset=utf-8
ETag: W/"dc9-1p46SNnIG6GxUYvzfhKldWCLeEA"
Date: Mon, 23 Jan 2023 08:52:32 GMT
Connection: keep-alive
content-length: 3529

03:52:32.406 [AsyncHttpClient-1-2] DEBUG org.asynchttpclient.netty.channel.ChannelManager - Adding key: http://localhost:4723 for channel [id: 0xba60e6ed, L:/127.0.0.1:50480 - R:localhost/127.0.0.1:4723]
03:52:32.408 [Forwarding screenshot on session 3d2de715-88af-4933-a8be-47b26b887fbf to remote] DEBUG org.asynchttpclient.netty.request.NettyRequestSender - Using pooled Channel '[id: 0xba60e6ed, L:/127.0.0.1:50480 - R:localhost/127.0.0.1:4723]' for 'GET' to 'http://localhost:4723/wd/hub/session/3d2de715-88af-4933-a8be-47b26b887fbf/screenshot'
03:52:32.408 [Forwarding screenshot on session 3d2de715-88af-4933-a8be-47b26b887fbf to remote] DEBUG org.asynchttpclient.netty.request.NettyRequestSender - Using open Channel [id: 0xba60e6ed, L:/127.0.0.1:50480 - R:localhost/127.0.0.1:4723] for GET '/wd/hub/session/3d2de715-88af-4933-a8be-47b26b887fbf/screenshot'
03:52:32.563 [AsyncHttpClient-1-2] DEBUG org.asynchttpclient.netty.handler.HttpHandler - 

Request DefaultFullHttpRequest(decodeResult: success, version: HTTP/1.1, content: EmptyByteBufBE)
GET /wd/hub/session/3d2de715-88af-4933-a8be-47b26b887fbf/screenshot HTTP/1.1
User-Agent: selenium/4.5.3 (java windows)
Cache-Control: no-cache
Content-Type: application/json; charset=utf-8
host: localhost:4723
accept: */*

Response DefaultHttpResponse(decodeResult: success, version: HTTP/1.1)
HTTP/1.1 200 OK
X-Powered-By: Express
Content-Type: application/json; charset=utf-8
ETag: W/"20a30-1OCIsNejHC7EmbQZBdH44rN6DHA"
Date: Mon, 23 Jan 2023 08:52:32 GMT
Connection: keep-alive
content-length: 133680

03:52:32.564 [AsyncHttpClient-1-2] DEBUG org.asynchttpclient.netty.channel.ChannelManager - Adding key: http://localhost:4723 for channel [id: 0xba60e6ed, L:/127.0.0.1:50480 - R:localhost/127.0.0.1:4723]
03:52:32.566 [Test worker] WARN net.thucydides.core.webdriver.WebDriverFacade - Failed to take screenshot (Illegal base64 character a)
03:52:32.571 [Forwarding getPageSource on session 3d2de715-88af-4933-a8be-47b26b887fbf to remote] DEBUG org.asynchttpclient.netty.request.NettyRequestSender - Using pooled Channel '[id: 0xba60e6ed, L:/127.0.0.1:50480 - R:localhost/127.0.0.1:4723]' for 'GET' to 'http://localhost:4723/wd/hub/session/3d2de715-88af-4933-a8be-47b26b887fbf/source'
03:52:32.571 [Forwarding getPageSource on session 3d2de715-88af-4933-a8be-47b26b887fbf to remote] DEBUG org.asynchttpclient.netty.request.NettyRequestSender - Using open Channel [id: 0xba60e6ed, L:/127.0.0.1:50480 - R:localhost/127.0.0.1:4723] for GET '/wd/hub/session/3d2de715-88af-4933-a8be-47b26b887fbf/source'
03:52:32.587 [AsyncHttpClient-1-2] DEBUG org.asynchttpclient.netty.handler.HttpHandler - 

Request DefaultFullHttpRequest(decodeResult: success, version: HTTP/1.1, content: EmptyByteBufBE)
GET /wd/hub/session/3d2de715-88af-4933-a8be-47b26b887fbf/source HTTP/1.1
User-Agent: selenium/4.5.3 (java windows)
Cache-Control: no-cache
Content-Type: application/json; charset=utf-8
host: localhost:4723
accept: */*

Response DefaultHttpResponse(decodeResult: success, version: HTTP/1.1)
HTTP/1.1 200 OK
X-Powered-By: Express
Content-Type: application/json; charset=utf-8
ETag: W/"1d07-I9topRfbQKKZK4dsvqX19lpN+BM"
Date: Mon, 23 Jan 2023 08:52:32 GMT
Connection: keep-alive
content-length: 7431

03:52:32.587 [AsyncHttpClient-1-2] DEBUG org.asynchttpclient.netty.channel.ChannelManager - Adding key: http://localhost:4723 for channel [id: 0xba60e6ed, L:/127.0.0.1:50480 - R:localhost/127.0.0.1:4723]
03:52:32.591 [Test worker] DEBUG net.thucydides.core.steps.StepInterceptor - STARTING STEP: CiudadReserva.performAs - {0} enters #theTextAsAString into #target
03:52:32.596 [Test worker] DEBUG net.serenitybdd.screenplay.targets.IFrameSwitcher - default content already selected for Ingresar destino
03:52:32.610 [Forwarding findElement on session 3d2de715-88af-4933-a8be-47b26b887fbf to remote] DEBUG org.asynchttpclient.netty.request.NettyRequestSender - Using pooled Channel '[id: 0xba60e6ed, L:/127.0.0.1:50480 - R:localhost/127.0.0.1:4723]' for 'POST' to 'http://localhost:4723/wd/hub/session/3d2de715-88af-4933-a8be-47b26b887fbf/element'
03:52:32.611 [Forwarding findElement on session 3d2de715-88af-4933-a8be-47b26b887fbf to remote] DEBUG org.asynchttpclient.netty.request.NettyRequestSender - Using open Channel [id: 0xba60e6ed, L:/127.0.0.1:50480 - R:localhost/127.0.0.1:4723] for POST '/wd/hub/session/3d2de715-88af-4933-a8be-47b26b887fbf/element'
03:52:32.619 [AsyncHttpClient-1-2] DEBUG org.asynchttpclient.netty.handler.HttpHandler - 

Request DefaultHttpRequest(decodeResult: success, version: HTTP/1.1)
POST /wd/hub/session/3d2de715-88af-4933-a8be-47b26b887fbf/element HTTP/1.1
User-Agent: selenium/4.5.3 (java windows)
Content-Length: 111
Content-Type: application/json; charset=utf-8
host: localhost:4723
accept: */*

Response DefaultHttpResponse(decodeResult: success, version: HTTP/1.1)
HTTP/1.1 200 OK
X-Powered-By: Express
Vary: X-HTTP-Method-Override
Content-Type: application/json; charset=utf-8
ETag: W/"89-WMZweUHs/VMK/xTN54HSk2dqlPU"
Date: Mon, 23 Jan 2023 08:52:32 GMT
Connection: keep-alive
content-length: 137

03:52:32.619 [AsyncHttpClient-1-2] DEBUG org.asynchttpclient.netty.channel.ChannelManager - Adding key: http://localhost:4723 for channel [id: 0xba60e6ed, L:/127.0.0.1:50480 - R:localhost/127.0.0.1:4723]
03:52:32.622 [Forwarding sendKeysToElement on session 3d2de715-88af-4933-a8be-47b26b887fbf to remote] DEBUG org.asynchttpclient.netty.request.NettyRequestSender - Using pooled Channel '[id: 0xba60e6ed, L:/127.0.0.1:50480 - R:localhost/127.0.0.1:4723]' for 'POST' to 'http://localhost:4723/wd/hub/session/3d2de715-88af-4933-a8be-47b26b887fbf/element/00000000-0000-0061-ffff-ffff000000e3/value'
03:52:32.622 [Forwarding sendKeysToElement on session 3d2de715-88af-4933-a8be-47b26b887fbf to remote] DEBUG org.asynchttpclient.netty.request.NettyRequestSender - Using open Channel [id: 0xba60e6ed, L:/127.0.0.1:50480 - R:localhost/127.0.0.1:4723] for POST '/wd/hub/session/3d2de715-88af-4933-a8be-47b26b887fbf/element/00000000-0000-0061-ffff-ffff000000e3/value'
03:52:33.391 [AsyncHttpClient-1-2] DEBUG org.asynchttpclient.netty.handler.HttpHandler - 

Request DefaultHttpRequest(decodeResult: success, version: HTTP/1.1)
POST /wd/hub/session/3d2de715-88af-4933-a8be-47b26b887fbf/element/00000000-0000-0061-ffff-ffff000000e3/value HTTP/1.1
User-Agent: selenium/4.5.3 (java windows)
Content-Length: 131
Content-Type: application/json; charset=utf-8
host: localhost:4723
accept: */*

Response DefaultHttpResponse(decodeResult: success, version: HTTP/1.1)
HTTP/1.1 200 OK
X-Powered-By: Express
Vary: X-HTTP-Method-Override
Content-Type: application/json; charset=utf-8
ETag: W/"e-9/1BuKMgFObM1mWJm+YjxtXJnUM"
Date: Mon, 23 Jan 2023 08:52:33 GMT
Connection: keep-alive
content-length: 14

03:52:33.391 [AsyncHttpClient-1-2] DEBUG org.asynchttpclient.netty.channel.ChannelManager - Adding key: http://localhost:4723 for channel [id: 0xba60e6ed, L:/127.0.0.1:50480 - R:localhost/127.0.0.1:4723]
03:52:33.411 [Forwarding getCurrentWindowHandle on session 3d2de715-88af-4933-a8be-47b26b887fbf to remote] DEBUG org.asynchttpclient.netty.request.NettyRequestSender - Using pooled Channel '[id: 0xba60e6ed, L:/127.0.0.1:50480 - R:localhost/127.0.0.1:4723]' for 'GET' to 'http://localhost:4723/wd/hub/session/3d2de715-88af-4933-a8be-47b26b887fbf/window'
03:52:33.411 [Forwarding getCurrentWindowHandle on session 3d2de715-88af-4933-a8be-47b26b887fbf to remote] DEBUG org.asynchttpclient.netty.request.NettyRequestSender - Using open Channel [id: 0xba60e6ed, L:/127.0.0.1:50480 - R:localhost/127.0.0.1:4723] for GET '/wd/hub/session/3d2de715-88af-4933-a8be-47b26b887fbf/window'
03:52:33.419 [AsyncHttpClient-1-2] DEBUG org.asynchttpclient.netty.handler.HttpHandler - 

Request DefaultFullHttpRequest(decodeResult: success, version: HTTP/1.1, content: EmptyByteBufBE)
GET /wd/hub/session/3d2de715-88af-4933-a8be-47b26b887fbf/window HTTP/1.1
User-Agent: selenium/4.5.3 (java windows)
Cache-Control: no-cache
Content-Type: application/json; charset=utf-8
host: localhost:4723
accept: */*

Response DefaultHttpResponse(decodeResult: success, version: HTTP/1.1)
HTTP/1.1 404 Not Found
X-Powered-By: Express
Content-Type: application/json; charset=utf-8
ETag: W/"dc9-1p46SNnIG6GxUYvzfhKldWCLeEA"
Date: Mon, 23 Jan 2023 08:52:33 GMT
Connection: keep-alive
content-length: 3529

03:52:33.419 [AsyncHttpClient-1-2] DEBUG org.asynchttpclient.netty.channel.ChannelManager - Adding key: http://localhost:4723 for channel [id: 0xba60e6ed, L:/127.0.0.1:50480 - R:localhost/127.0.0.1:4723]
03:52:33.421 [Forwarding screenshot on session 3d2de715-88af-4933-a8be-47b26b887fbf to remote] DEBUG org.asynchttpclient.netty.request.NettyRequestSender - Using pooled Channel '[id: 0xba60e6ed, L:/127.0.0.1:50480 - R:localhost/127.0.0.1:4723]' for 'GET' to 'http://localhost:4723/wd/hub/session/3d2de715-88af-4933-a8be-47b26b887fbf/screenshot'
03:52:33.421 [Forwarding screenshot on session 3d2de715-88af-4933-a8be-47b26b887fbf to remote] DEBUG org.asynchttpclient.netty.request.NettyRequestSender - Using open Channel [id: 0xba60e6ed, L:/127.0.0.1:50480 - R:localhost/127.0.0.1:4723] for GET '/wd/hub/session/3d2de715-88af-4933-a8be-47b26b887fbf/screenshot'
03:52:33.584 [AsyncHttpClient-1-2] DEBUG org.asynchttpclient.netty.handler.HttpHandler - 

Request DefaultFullHttpRequest(decodeResult: success, version: HTTP/1.1, content: EmptyByteBufBE)
GET /wd/hub/session/3d2de715-88af-4933-a8be-47b26b887fbf/screenshot HTTP/1.1
User-Agent: selenium/4.5.3 (java windows)
Cache-Control: no-cache
Content-Type: application/json; charset=utf-8
host: localhost:4723
accept: */*

Response DefaultHttpResponse(decodeResult: success, version: HTTP/1.1)
HTTP/1.1 200 OK
X-Powered-By: Express
Content-Type: application/json; charset=utf-8
ETag: W/"20a2c-KOW+/isHZ2faGFTxWugnk8Xa5hA"
Date: Mon, 23 Jan 2023 08:52:33 GMT
Connection: keep-alive
content-length: 133676

03:52:33.585 [AsyncHttpClient-1-2] DEBUG org.asynchttpclient.netty.channel.ChannelManager - Adding key: http://localhost:4723 for channel [id: 0xba60e6ed, L:/127.0.0.1:50480 - R:localhost/127.0.0.1:4723]
03:52:33.587 [Test worker] WARN net.thucydides.core.webdriver.WebDriverFacade - Failed to take screenshot (Illegal base64 character a)
03:52:33.588 [Test worker] DEBUG net.thucydides.core.steps.StepInterceptor - STEP DONE: {0} enters #theTextAsAString into #target
03:52:33.602 [Forwarding getCurrentWindowHandle on session 3d2de715-88af-4933-a8be-47b26b887fbf to remote] DEBUG org.asynchttpclient.netty.request.NettyRequestSender - Using pooled Channel '[id: 0xba60e6ed, L:/127.0.0.1:50480 - R:localhost/127.0.0.1:4723]' for 'GET' to 'http://localhost:4723/wd/hub/session/3d2de715-88af-4933-a8be-47b26b887fbf/window'
03:52:33.602 [Forwarding getCurrentWindowHandle on session 3d2de715-88af-4933-a8be-47b26b887fbf to remote] DEBUG org.asynchttpclient.netty.request.NettyRequestSender - Using open Channel [id: 0xba60e6ed, L:/127.0.0.1:50480 - R:localhost/127.0.0.1:4723] for GET '/wd/hub/session/3d2de715-88af-4933-a8be-47b26b887fbf/window'
03:52:33.609 [AsyncHttpClient-1-2] DEBUG org.asynchttpclient.netty.handler.HttpHandler - 

Request DefaultFullHttpRequest(decodeResult: success, version: HTTP/1.1, content: EmptyByteBufBE)
GET /wd/hub/session/3d2de715-88af-4933-a8be-47b26b887fbf/window HTTP/1.1
User-Agent: selenium/4.5.3 (java windows)
Cache-Control: no-cache
Content-Type: application/json; charset=utf-8
host: localhost:4723
accept: */*

Response DefaultHttpResponse(decodeResult: success, version: HTTP/1.1)
HTTP/1.1 404 Not Found
X-Powered-By: Express
Content-Type: application/json; charset=utf-8
ETag: W/"dc9-1p46SNnIG6GxUYvzfhKldWCLeEA"
Date: Mon, 23 Jan 2023 08:52:33 GMT
Connection: keep-alive
content-length: 3529

03:52:33.610 [AsyncHttpClient-1-2] DEBUG org.asynchttpclient.netty.channel.ChannelManager - Adding key: http://localhost:4723 for channel [id: 0xba60e6ed, L:/127.0.0.1:50480 - R:localhost/127.0.0.1:4723]
03:52:33.611 [Forwarding screenshot on session 3d2de715-88af-4933-a8be-47b26b887fbf to remote] DEBUG org.asynchttpclient.netty.request.NettyRequestSender - Using pooled Channel '[id: 0xba60e6ed, L:/127.0.0.1:50480 - R:localhost/127.0.0.1:4723]' for 'GET' to 'http://localhost:4723/wd/hub/session/3d2de715-88af-4933-a8be-47b26b887fbf/screenshot'
03:52:33.611 [Forwarding screenshot on session 3d2de715-88af-4933-a8be-47b26b887fbf to remote] DEBUG org.asynchttpclient.netty.request.NettyRequestSender - Using open Channel [id: 0xba60e6ed, L:/127.0.0.1:50480 - R:localhost/127.0.0.1:4723] for GET '/wd/hub/session/3d2de715-88af-4933-a8be-47b26b887fbf/screenshot'
03:52:33.765 [AsyncHttpClient-1-2] DEBUG org.asynchttpclient.netty.handler.HttpHandler - 

Request DefaultFullHttpRequest(decodeResult: success, version: HTTP/1.1, content: EmptyByteBufBE)
GET /wd/hub/session/3d2de715-88af-4933-a8be-47b26b887fbf/screenshot HTTP/1.1
User-Agent: selenium/4.5.3 (java windows)
Cache-Control: no-cache
Content-Type: application/json; charset=utf-8
host: localhost:4723
accept: */*

Response DefaultHttpResponse(decodeResult: success, version: HTTP/1.1)
HTTP/1.1 200 OK
X-Powered-By: Express
Content-Type: application/json; charset=utf-8
ETag: W/"20016-XDCtKH9iqwCs5mVAAsaUc1OkO0M"
Date: Mon, 23 Jan 2023 08:52:33 GMT
Connection: keep-alive
content-length: 131094

03:52:33.766 [AsyncHttpClient-1-2] DEBUG org.asynchttpclient.netty.channel.ChannelManager - Adding key: http://localhost:4723 for channel [id: 0xba60e6ed, L:/127.0.0.1:50480 - R:localhost/127.0.0.1:4723]
03:52:33.769 [Test worker] WARN net.thucydides.core.webdriver.WebDriverFacade - Failed to take screenshot (Illegal base64 character a)
03:52:33.774 [Forwarding getPageSource on session 3d2de715-88af-4933-a8be-47b26b887fbf to remote] DEBUG org.asynchttpclient.netty.request.NettyRequestSender - Using pooled Channel '[id: 0xba60e6ed, L:/127.0.0.1:50480 - R:localhost/127.0.0.1:4723]' for 'GET' to 'http://localhost:4723/wd/hub/session/3d2de715-88af-4933-a8be-47b26b887fbf/source'
03:52:33.774 [Forwarding getPageSource on session 3d2de715-88af-4933-a8be-47b26b887fbf to remote] DEBUG org.asynchttpclient.netty.request.NettyRequestSender - Using open Channel [id: 0xba60e6ed, L:/127.0.0.1:50480 - R:localhost/127.0.0.1:4723] for GET '/wd/hub/session/3d2de715-88af-4933-a8be-47b26b887fbf/source'
03:52:34.790 [AsyncHttpClient-1-2] DEBUG org.asynchttpclient.netty.handler.HttpHandler - 

Request DefaultFullHttpRequest(decodeResult: success, version: HTTP/1.1, content: EmptyByteBufBE)
GET /wd/hub/session/3d2de715-88af-4933-a8be-47b26b887fbf/source HTTP/1.1
User-Agent: selenium/4.5.3 (java windows)
Cache-Control: no-cache
Content-Type: application/json; charset=utf-8
host: localhost:4723
accept: */*

Response DefaultHttpResponse(decodeResult: success, version: HTTP/1.1)
HTTP/1.1 200 OK
X-Powered-By: Express
Content-Type: application/json; charset=utf-8
ETag: W/"4904-JOgi+aUqyA/GlwNJhOmLAOVqFtQ"
Date: Mon, 23 Jan 2023 08:52:34 GMT
Connection: keep-alive
content-length: 18692

03:52:34.790 [AsyncHttpClient-1-2] DEBUG org.asynchttpclient.netty.channel.ChannelManager - Adding key: http://localhost:4723 for channel [id: 0xba60e6ed, L:/127.0.0.1:50480 - R:localhost/127.0.0.1:4723]
03:52:34.793 [Test worker] DEBUG net.thucydides.core.steps.StepInterceptor - STARTING STEP: CiudadReserva.performAs - {0} clicks on #target
03:52:34.793 [Test worker] DEBUG net.serenitybdd.screenplay.targets.IFrameSwitcher - default content already selected for Seleccionar destino
03:52:34.818 [Forwarding findElement on session 3d2de715-88af-4933-a8be-47b26b887fbf to remote] DEBUG org.asynchttpclient.netty.request.NettyRequestSender - Using pooled Channel '[id: 0xba60e6ed, L:/127.0.0.1:50480 - R:localhost/127.0.0.1:4723]' for 'POST' to 'http://localhost:4723/wd/hub/session/3d2de715-88af-4933-a8be-47b26b887fbf/element'
03:52:34.818 [Forwarding findElement on session 3d2de715-88af-4933-a8be-47b26b887fbf to remote] DEBUG org.asynchttpclient.netty.request.NettyRequestSender - Using open Channel [id: 0xba60e6ed, L:/127.0.0.1:50480 - R:localhost/127.0.0.1:4723] for POST '/wd/hub/session/3d2de715-88af-4933-a8be-47b26b887fbf/element'
03:52:34.845 [AsyncHttpClient-1-2] DEBUG org.asynchttpclient.netty.handler.HttpHandler - 

Request DefaultHttpRequest(decodeResult: success, version: HTTP/1.1)
POST /wd/hub/session/3d2de715-88af-4933-a8be-47b26b887fbf/element HTTP/1.1
User-Agent: selenium/4.5.3 (java windows)
Content-Length: 389
Content-Type: application/json; charset=utf-8
host: localhost:4723
accept: */*

Response DefaultHttpResponse(decodeResult: success, version: HTTP/1.1)
HTTP/1.1 200 OK
X-Powered-By: Express
Vary: X-HTTP-Method-Override
Content-Type: application/json; charset=utf-8
[...]
03:52:40.409 [Forwarding findElement on session 3d2de715-88af-4933-a8be-47b26b887fbf to remote] DEBUG org.asynchttpclient.netty.request.NettyRequestSender - Using open Channel [id: 0xba60e6ed, L:/127.0.0.1:50480 - R:localhost/127.0.0.1:4723] for POST '/wd/hub/session/3d2de715-88af-4933-a8be-47b26b887fbf/element'
03:52:40.444 [AsyncHttpClient-1-2] DEBUG org.asynchttpclient.netty.handler.HttpHandler - 

Request DefaultHttpRequest(decodeResult: success, version: HTTP/1.1)
POST /wd/hub/session/3d2de715-88af-4933-a8be-47b26b887fbf/element HTTP/1.1
User-Agent: selenium/4.5.3 (java windows)
Content-Length: 595
Content-Type: application/json; charset=utf-8
host: localhost:4723
accept: */*

Response DefaultHttpResponse(decodeResult: success, version: HTTP/1.1)
HTTP/1.1 404 Not Found
X-Powered-By: Express
Vary: X-HTTP-Method-Override
Content-Type: application/json; charset=utf-8
ETag: W/"428-YD2odZxwp/nW2oKEX5gx6RIQR/c"
Date: Mon, 23 Jan 2023 08:52:40 GMT
Connection: keep-alive
content-length: 1064

03:52:40.445 [AsyncHttpClient-1-2] DEBUG org.asynchttpclient.netty.channel.ChannelManager - Adding key: http://localhost:4723 for channel [id: 0xba60e6ed, L:/127.0.0.1:50480 - R:localhost/127.0.0.1:4723]
03:52:40.559 [Forwarding findElement on session 3d2de715-88af-4933-a8be-47b26b887fbf to remote] DEBUG org.asynchttpclient.netty.request.NettyRequestSender - Using pooled Channel '[id: 0xba60e6ed, L:/127.0.0.1:50480 - R:localhost/127.0.0.1:4723]' for 'POST' to 'http://localhost:4723/wd/hub/session/3d2de715-88af-4933-a8be-47b26b887fbf/element'
03:52:40.559 [Forwarding findElement on session 3d2de715-88af-4933-a8be-47b26b887fbf to remote] DEBUG org.asynchttpclient.netty.request.NettyRequestSender - Using open Channel [id: 0xba60e6ed, L:/127.0.0.1:50480 - R:localhost/127.0.0.1:4723] for POST '/wd/hub/session/3d2de715-88af-4933-a8be-47b26b887fbf/element'
03:52:40.585 [AsyncHttpClient-1-2] DEBUG org.asynchttpclient.netty.handler.HttpHandler - 

Request DefaultHttpRequest(decodeResult: success, version: HTTP/1.1)
POST /wd/hub/session/3d2de715-88af-4933-a8be-47b26b887fbf/element HTTP/1.1
User-Agent: selenium/4.5.3 (java windows)
Content-Length: 595
Content-Type: application/json; charset=utf-8
host: localhost:4723
accept: */*

Response DefaultHttpResponse(decodeResult: success, version: HTTP/1.1)
HTTP/1.1 404 Not Found
X-Powered-By: Express
Vary: X-HTTP-Method-Override
Content-Type: application/json; charset=utf-8
ETag: W/"428-YD2odZxwp/nW2oKEX5gx6RIQR/c"
Date: Mon, 23 Jan 2023 08:52:40 GMT
Connection: keep-alive
content-length: 1064

03:52:40.585 [AsyncHttpClient-1-2] DEBUG org.asynchttpclient.netty.channel.ChannelManager - Adding key: http://localhost:4723 for channel [id: 0xba60e6ed, L:/127.0.0.1:50480 - R:localhost/127.0.0.1:4723]
03:52:40.703 [Forwarding findElement on session 3d2de715-88af-4933-a8be-47b26b887fbf to remote] DEBUG org.asynchttpclient.netty.request.NettyRequestSender - Using pooled Channel '[id: 0xba60e6ed, L:/127.0.0.1:50480 - R:localhost/127.0.0.1:4723]' for 'POST' to 'http://localhost:4723/wd/hub/session/3d2de715-88af-4933-a8be-47b26b887fbf/element'
03:52:40.703 [Forwarding findElement on session 3d2de715-88af-4933-a8be-47b26b887fbf to remote] DEBUG org.asynchttpclient.netty.request.NettyRequestSender - Using open Channel [id: 0xba60e6ed, L:/127.0.0.1:50480 - R:localhost/127.0.0.1:4723] for POST '/wd/hub/session/3d2de715-88af-4933-a8be-47b26b887fbf/element'
03:52:40.737 [AsyncHttpClient-1-2] DEBUG org.asynchttpclient.netty.handler.HttpHandler - 

Request DefaultHttpRequest(decodeResult: success, version: HTTP/1.1)
POST /wd/hub/session/3d2de715-88af-4933-a8be-47b26b887fbf/element HTTP/1.1
User-Agent: selenium/4.5.3 (java windows)
Content-Length: 595
Content-Type: application/json; charset=utf-8
host: localhost:4723
accept: */*

Response DefaultHttpResponse(decodeResult: success, version: HTTP/1.1)
HTTP/1.1 404 Not Found
X-Powered-By: Express
Vary: X-HTTP-Method-Override
Content-Type: application/json; charset=utf-8
ETag: W/"428-YD2odZxwp/nW2oKEX5gx6RIQR/c"
Date: Mon, 23 Jan 2023 08:52:40 GMT
Connection: keep-alive
content-length: 1064

03:52:40.737 [AsyncHttpClient-1-2] DEBUG org.asynchttpclient.netty.channel.ChannelManager - Adding key: http://localhost:4723 for channel [id: 0xba60e6ed, L:/127.0.0.1:50480 - R:localhost/127.0.0.1:4723]
03:52:40.854 [Forwarding findElement on session 3d2de715-88af-4933-a8be-47b26b887fbf to remote] DEBUG org.asynchttpclient.netty.request.NettyRequestSender - Using pooled Channel '[id: 0xba60e6ed, L:/127.0.0.1:50480 - R:localhost/127.0.0.1:4723]' for 'POST' to 'http://localhost:4723/wd/hub/session/3d2de715-88af-4933-a8be-47b26b887fbf/element'
03:52:40.854 [Forwarding findElement on session 3d2de715-88af-4933-a8be-47b26b887fbf to remote] DEBUG org.asynchttpclient.netty.request.NettyRequestSender - Using open Channel [id: 0xba60e6ed, L:/127.0.0.1:50480 - R:localhost/127.0.0.1:4723] for POST '/wd/hub/session/3d2de715-88af-4933-a8be-47b26b887fbf/element'
03:52:40.878 [AsyncHttpClient-1-2] DEBUG org.asynchttpclient.netty.handler.HttpHandler - 

Request DefaultHttpRequest(decodeResult: success, version: HTTP/1.1)
POST /wd/hub/session/3d2de715-88af-4933-a8be-47b26b887fbf/element HTTP/1.1
User-Agent: selenium/4.5.3 (java windows)
Content-Length: 595
Content-Type: application/json; charset=utf-8
host: localhost:4723
accept: */*

Response DefaultHttpResponse(decodeResult: success, version: HTTP/1.1)
HTTP/1.1 404 Not Found
X-Powered-By: Express
Vary: X-HTTP-Method-Override
Content-Type: application/json; charset=utf-8
ETag: W/"428-YD2odZxwp/nW2oKEX5gx6RIQR/c"
Date: Mon, 23 Jan 2023 08:52:40 GMT
Connection: keep-alive
content-length: 1064

03:52:40.878 [AsyncHttpClient-1-2] DEBUG org.asynchttpclient.netty.channel.ChannelManager - Adding key: http://localhost:4723 for channel [id: 0xba60e6ed, L:/127.0.0.1:50480 - R:localhost/127.0.0.1:4723]
03:52:40.994 [Forwarding findElement on session 3d2de715-88af-4933-a8be-47b26b887fbf to remote] DEBUG org.asynchttpclient.netty.request.NettyRequestSender - Using pooled Channel '[id: 0xba60e6ed, L:/127.0.0.1:50480 - R:localhost/127.0.0.1:4723]' for 'POST' to 'http://localhost:4723/wd/hub/session/3d2de715-88af-4933-a8be-47b26b887fbf/element'
03:52:40.994 [Forwarding findElement on session 3d2de715-88af-4933-a8be-47b26b887fbf to remote] DEBUG org.asynchttpclient.netty.request.NettyRequestSender - Using open Channel [id: 0xba60e6ed, L:/127.0.0.1:50480 - R:localhost/127.0.0.1:4723] for POST '/wd/hub/session/3d2de715-88af-4933-a8be-47b26b887fbf/element'
03:52:41.023 [AsyncHttpClient-1-2] DEBUG org.asynchttpclient.netty.handler.HttpHandler - 

Request DefaultHttpRequest(decodeResult: success, version: HTTP/1.1)
POST /wd/hub/session/3d2de715-88af-4933-a8be-47b26b887fbf/element HTTP/1.1
User-Agent: selenium/4.5.3 (java windows)
Content-Length: 595
Content-Type: application/json; charset=utf-8
host: localhost:4723
accept: */*

Response DefaultHttpResponse(decodeResult: success, version: HTTP/1.1)
HTTP/1.1 404 Not Found
X-Powered-By: Express
Vary: X-HTTP-Method-Override
Content-Type: application/json; charset=utf-8
ETag: W/"428-YD2odZxwp/nW2oKEX5gx6RIQR/c"
Date: Mon, 23 Jan 2023 08:52:41 GMT
Connection: keep-alive
content-length: 1064

03:52:41.023 [AsyncHttpClient-1-2] DEBUG org.asynchttpclient.netty.channel.ChannelManager - Adding key: http://localhost:4723 for channel [id: 0xba60e6ed, L:/127.0.0.1:50480 - R:localhost/127.0.0.1:4723]
03:52:41.151 [Forwarding findElement on session 3d2de715-88af-4933-a8be-47b26b887fbf to remote] DEBUG org.asynchttpclient.netty.request.NettyRequestSender - Using pooled Channel '[id: 0xba60e6ed, L:/127.0.0.1:50480 - R:localhost/127.0.0.1:4723]' for 'POST' to 'http://localhost:4723/wd/hub/session/3d2de715-88af-4933-a8be-47b26b887fbf/element'
03:52:41.151 [Forwarding findElement on session 3d2de715-88af-4933-a8be-47b26b887fbf to remote] DEBUG org.asynchttpclient.netty.request.NettyRequestSender - Using open Channel [id: 0xba60e6ed, L:/127.0.0.1:50480 - R:localhost/127.0.0.1:4723] for POST '/wd/hub/session/3d2de715-88af-4933-a8be-47b26b887fbf/element'
03:52:41.176 [AsyncHttpClient-1-2] DEBUG org.asynchttpclient.netty.handler.HttpHandler - 

Request DefaultHttpRequest(decodeResult: success, version: HTTP/1.1)
POST /wd/hub/session/3d2de715-88af-4933-a8be-47b26b887fbf/element HTTP/1.1
User-Agent: selenium/4.5.3 (java windows)
Content-Length: 595
Content-Type: application/json; charset=utf-8
host: localhost:4723
accept: */*

Response DefaultHttpResponse(decodeResult: success, version: HTTP/1.1)
HTTP/1.1 404 Not Found
X-Powered-By: Express
Vary: X-HTTP-Method-Override
Content-Type: application/json; charset=utf-8
ETag: W/"428-YD2odZxwp/nW2oKEX5gx6RIQR/c"
Date: Mon, 23 Jan 2023 08:52:41 GMT
Connection: keep-alive
content-length: 1064

03:52:41.176 [AsyncHttpClient-1-2] DEBUG org.asynchttpclient.netty.channel.ChannelManager - Adding key: http://localhost:4723 for channel [id: 0xba60e6ed, L:/127.0.0.1:50480 - R:localhost/127.0.0.1:4723]
03:52:41.290 [Forwarding findElement on session 3d2de715-88af-4933-a8be-47b26b887fbf to remote] DEBUG org.asynchttpclient.netty.request.NettyRequestSender - Using pooled Channel '[id: 0xba60e6ed, L:/127.0.0.1:50480 - R:localhost/127.0.0.1:4723]' for 'POST' to 'http://localhost:4723/wd/hub/session/3d2de715-88af-4933-a8be-47b26b887fbf/element'
03:52:41.290 [Forwarding findElement on session 3d2de715-88af-4933-a8be-47b26b887fbf to remote] DEBUG org.asynchttpclient.netty.request.NettyRequestSender - Using open Channel [id: 0xba60e6ed, L:/127.0.0.1:50480 - R:localhost/127.0.0.1:4723] for POST '/wd/hub/session/3d2de715-88af-4933-a8be-47b26b887fbf/element'
03:52:41.315 [AsyncHttpClient-1-2] DEBUG org.asynchttpclient.netty.handler.HttpHandler - 

Request DefaultHttpRequest(decodeResult: success, version: HTTP/1.1)
POST /wd/hub/session/3d2de715-88af-4933-a8be-47b26b887fbf/element HTTP/1.1
User-Agent: selenium/4.5.3 (java windows)
Content-Length: 595
Content-Type: application/json; charset=utf-8
host: localhost:4723
accept: */*

Response DefaultHttpResponse(decodeResult: success, version: HTTP/1.1)
HTTP/1.1 404 Not Found
X-Powered-By: Express
Vary: X-HTTP-Method-Override
Content-Type: application/json; charset=utf-8
ETag: W/"428-YD2odZxwp/nW2oKEX5gx6RIQR/c"
Date: Mon, 23 Jan 2023 08:52:41 GMT
Connection: keep-alive
content-length: 1064

03:52:41.316 [AsyncHttpClient-1-2] DEBUG org.asynchttpclient.netty.channel.ChannelManager - Adding key: http://localhost:4723 for channel [id: 0xba60e6ed, L:/127.0.0.1:50480 - R:localhost/127.0.0.1:4723]
03:52:41.437 [Forwarding findElement on session 3d2de715-88af-4933-a8be-47b26b887fbf to remote] DEBUG org.asynchttpclient.netty.request.NettyRequestSender - Using pooled Channel '[id: 0xba60e6ed, L:/127.0.0.1:50480 - R:localhost/127.0.0.1:4723]' for 'POST' to 'http://localhost:4723/wd/hub/session/3d2de715-88af-4933-a8be-47b26b887fbf/element'
03:52:41.437 [Forwarding findElement on session 3d2de715-88af-4933-a8be-47b26b887fbf to remote] DEBUG org.asynchttpclient.netty.request.NettyRequestSender - Using open Channel [id: 0xba60e6ed, L:/127.0.0.1:50480 - R:localhost/127.0.0.1:4723] for POST '/wd/hub/session/3d2de715-88af-4933-a8be-47b26b887fbf/element'
03:52:41.460 [AsyncHttpClient-1-2] DEBUG org.asynchttpclient.netty.handler.HttpHandler - 

Request DefaultHttpRequest(decodeResult: success, version: HTTP/1.1)
POST /wd/hub/session/3d2de715-88af-4933-a8be-47b26b887fbf/element HTTP/1.1
User-Agent: selenium/4.5.3 (java windows)
Content-Length: 595
Content-Type: application/json; charset=utf-8
host: localhost:4723
accept: */*

Response DefaultHttpResponse(decodeResult: success, version: HTTP/1.1)
HTTP/1.1 404 Not Found
X-Powered-By: Express
Vary: X-HTTP-Method-Override
Content-Type: application/json; charset=utf-8
ETag: W/"428-YD2odZxwp/nW2oKEX5gx6RIQR/c"
Date: Mon, 23 Jan 2023 08:52:41 GMT
Connection: keep-alive
content-length: 1064

03:52:41.460 [AsyncHttpClient-1-2] DEBUG org.asynchttpclient.netty.channel.ChannelManager - Adding key: http://localhost:4723 for channel [id: 0xba60e6ed, L:/127.0.0.1:50480 - R:localhost/127.0.0.1:4723]
03:52:41.478 [Forwarding getCurrentWindowHandle on session 3d2de715-88af-4933-a8be-47b26b887fbf to remote] DEBUG org.asynchttpclient.netty.request.NettyRequestSender - Using pooled Channel '[id: 0xba60e6ed, L:/127.0.0.1:50480 - R:localhost/127.0.0.1:4723]' for 'GET' to 'http://localhost:4723/wd/hub/session/3d2de715-88af-4933-a8be-47b26b887fbf/window'
03:52:41.478 [Forwarding getCurrentWindowHandle on session 3d2de715-88af-4933-a8be-47b26b887fbf to remote] DEBUG org.asynchttpclient.netty.request.NettyRequestSender - Using open Channel [id: 0xba60e6ed, L:/127.0.0.1:50480 - R:localhost/127.0.0.1:4723] for GET '/wd/hub/session/3d2de715-88af-4933-a8be-47b26b887fbf/window'
03:52:41.485 [AsyncHttpClient-1-2] DEBUG org.asynchttpclient.netty.handler.HttpHandler - 

Request DefaultFullHttpRequest(decodeResult: success, version: HTTP/1.1, content: EmptyByteBufBE)
GET /wd/hub/session/3d2de715-88af-4933-a8be-47b26b887fbf/window HTTP/1.1
User-Agent: selenium/4.5.3 (java windows)
Cache-Control: no-cache
Content-Type: application/json; charset=utf-8
host: localhost:4723
accept: */*

Response DefaultHttpResponse(decodeResult: success, version: HTTP/1.1)
HTTP/1.1 404 Not Found
X-Powered-By: Express
Content-Type: application/json; charset=utf-8
ETag: W/"dc9-1p46SNnIG6GxUYvzfhKldWCLeEA"
Date: Mon, 23 Jan 2023 08:52:41 GMT
Connection: keep-alive
content-length: 3529

03:52:41.486 [AsyncHttpClient-1-2] DEBUG org.asynchttpclient.netty.channel.ChannelManager - Adding key: http://localhost:4723 for channel [id: 0xba60e6ed, L:/127.0.0.1:50480 - R:localhost/127.0.0.1:4723]
03:52:41.487 [Forwarding screenshot on session 3d2de715-88af-4933-a8be-47b26b887fbf to remote] DEBUG org.asynchttpclient.netty.request.NettyRequestSender - Using pooled Channel '[id: 0xba60e6ed, L:/127.0.0.1:50480 - R:localhost/127.0.0.1:4723]' for 'GET' to 'http://localhost:4723/wd/hub/session/3d2de715-88af-4933-a8be-47b26b887fbf/screenshot'
03:52:41.487 [Forwarding screenshot on session 3d2de715-88af-4933-a8be-47b26b887fbf to remote] DEBUG org.asynchttpclient.netty.request.NettyRequestSender - Using open Channel [id: 0xba60e6ed, L:/127.0.0.1:50480 - R:localhost/127.0.0.1:4723] for GET '/wd/hub/session/3d2de715-88af-4933-a8be-47b26b887fbf/screenshot'
03:52:41.632 [AsyncHttpClient-1-2] DEBUG org.asynchttpclient.netty.handler.HttpHandler - 

Request DefaultFullHttpRequest(decodeResult: success, version: HTTP/1.1, content: EmptyByteBufBE)
GET /wd/hub/session/3d2de715-88af-4933-a8be-47b26b887fbf/screenshot HTTP/1.1
User-Agent: selenium/4.5.3 (java windows)
Cache-Control: no-cache
Content-Type: application/json; charset=utf-8
host: localhost:4723
accept: */*

Response DefaultHttpResponse(decodeResult: success, version: HTTP/1.1)
HTTP/1.1 200 OK
X-Powered-By: Express
Content-Type: application/json; charset=utf-8
ETag: W/"285c8-euG/ucP/tX78k/CQl8CUx+geZw8"
Date: Mon, 23 Jan 2023 08:52:41 GMT
Connection: keep-alive
content-length: 165320

03:52:41.633 [AsyncHttpClient-1-2] DEBUG org.asynchttpclient.netty.channel.ChannelManager - Adding key: http://localhost:4723 for channel [id: 0xba60e6ed, L:/127.0.0.1:50480 - R:localhost/127.0.0.1:4723]
03:52:41.635 [Test worker] WARN net.thucydides.core.webdriver.WebDriverFacade - Failed to take screenshot (Illegal base64 character a)
03:52:41.640 [Forwarding getPageSource on session 3d2de715-88af-4933-a8be-47b26b887fbf to remote] DEBUG org.asynchttpclient.netty.request.NettyRequestSender - Using pooled Channel '[id: 0xba60e6ed, L:/127.0.0.1:50480 - R:localhost/127.0.0.1:4723]' for 'GET' to 'http://localhost:4723/wd/hub/session/3d2de715-88af-4933-a8be-47b26b887fbf/source'
03:52:41.640 [Forwarding getPageSource on session 3d2de715-88af-4933-a8be-47b26b887fbf to remote] DEBUG org.asynchttpclient.netty.request.NettyRequestSender - Using open Channel [id: 0xba60e6ed, L:/127.0.0.1:50480 - R:localhost/127.0.0.1:4723] for GET '/wd/hub/session/3d2de715-88af-4933-a8be-47b26b887fbf/source'
03:52:41.663 [AsyncHttpClient-1-2] DEBUG org.asynchttpclient.netty.handler.HttpHandler - 

Request DefaultFullHttpRequest(decodeResult: success, version: HTTP/1.1, content: EmptyByteBufBE)
GET /wd/hub/session/3d2de715-88af-4933-a8be-47b26b887fbf/source HTTP/1.1
User-Agent: selenium/4.5.3 (java windows)
Cache-Control: no-cache
Content-Type: application/json; charset=utf-8
host: localhost:4723
accept: */*

Response DefaultHttpResponse(decodeResult: success, version: HTTP/1.1)
HTTP/1.1 200 OK
X-Powered-By: Express
Content-Type: application/json; charset=utf-8
ETag: W/"8288-JeLthpFNNSRTJUskVw0PCCJ1jUg"
Date: Mon, 23 Jan 2023 08:52:41 GMT
Connection: keep-alive
content-length: 33416

03:52:41.664 [AsyncHttpClient-1-2] DEBUG org.asynchttpclient.netty.channel.ChannelManager - Adding key: http://localhost:4723 for channel [id: 0xba60e6ed, L:/127.0.0.1:50480 - R:localhost/127.0.0.1:4723]
03:52:41.721 [Test worker] ERROR  - 
  _____   ___   ___   _____     ___     _     ___   _      ___   ___  
 |_   _| | __| / __| |_   _|   | __|   /_\   |_ _| | |    | __| |   \ 
   | |   | _|  \__ \   | |     | _|   / _ \   | |  | |__  | _|  | |) |
   |_|   |___| |___/   |_|     |_|   /_/ \_\ |___| |____| |___| |___/ 

Ralizar Busqueda de alojamiento desde la app de Booking
-----------------------------------------------------------------------
03:52:41.722 [Test worker] DEBUG  - RELATED ISSUES: 
03:52:41.723 [Test worker] ERROR  -     Test failed at step: Carlos clicks on clic en fecha
03:52:41.723 [Test worker] ERROR  -     Expected condition failed: waiting for By.xpath: /hierarchy/android.widget.FrameLayout/android.widget.LinearLayout/android.widget.FrameLayout/android.widget.LinearLayout/android.widget.FrameLayout/android.widget.LinearLayout/android.widget.LinearLayout[2]/android.widget.FrameLayout[1]/android.widget.LinearLayout/androidx.recyclerview.widget.RecyclerView[2]/android.widget.FrameLayout[1]/android.widget.LinearLayout/android.view.ViewGroup/android.widget.LinearLayout/android.widget.LinearLayout[2]/android.widget.TextView to be present (tried for 5 second(s) with 100 milliseconds interval)Build info: version: '4.5.3', revision: '4b786a1e430'System info: os.name: 'Windows 10', os.arch: 'amd64', os.version: '10.0', java.version: '1.8.0_202'Driver info: driver.version: unknown
03:52:41.762 [Forwarding quit on session 3d2de715-88af-4933-a8be-47b26b887fbf to remote] DEBUG org.asynchttpclient.netty.request.NettyRequestSender - Using pooled Channel '[id: 0xba60e6ed, L:/127.0.0.1:50480 - R:localhost/127.0.0.1:4723]' for 'DELETE' to 'http://localhost:4723/wd/hub/session/3d2de715-88af-4933-a8be-47b26b887fbf'
03:52:41.762 [Forwarding quit on session 3d2de715-88af-4933-a8be-47b26b887fbf to remote] DEBUG org.asynchttpclient.netty.request.NettyRequestSender - Using open Channel [id: 0xba60e6ed, L:/127.0.0.1:50480 - R:localhost/127.0.0.1:4723] for DELETE '/wd/hub/session/3d2de715-88af-4933-a8be-47b26b887fbf'
03:52:41.942 [AsyncHttpClient-1-2] DEBUG org.asynchttpclient.netty.handler.HttpHandler - 

Request DefaultFullHttpRequest(decodeResult: success, version: HTTP/1.1, content: EmptyByteBufBE)
DELETE /wd/hub/session/3d2de715-88af-4933-a8be-47b26b887fbf HTTP/1.1
User-Agent: selenium/4.5.3 (java windows)
Content-Type: application/json; charset=utf-8
host: localhost:4723
accept: */*

Response DefaultHttpResponse(decodeResult: success, version: HTTP/1.1)
HTTP/1.1 200 OK
X-Powered-By: Express
Content-Type: application/json; charset=utf-8
ETag: W/"e-9/1BuKMgFObM1mWJm+YjxtXJnUM"
Date: Mon, 23 Jan 2023 08:52:41 GMT
Connection: keep-alive
content-length: 14

03:52:41.942 [AsyncHttpClient-1-2] DEBUG org.asynchttpclient.netty.channel.ChannelManager - Adding key: http://localhost:4723 for channel [id: 0xba60e6ed, L:/127.0.0.1:50480 - R:localhost/127.0.0.1:4723]
]]></system-out>
  <system-err><![CDATA[]]></system-err>
</testsuite>
